#
# A fatal error has been detected by the Java Runtime Environment:
#
#  EXCEPTION_ACCESS_VIOLATION (0xc0000005) at pc=0x00007ffc1ec99f72, pid=21568, tid=15368
#
# JRE version: Java(TM) SE Runtime Environment (16.0.1+9) (build 16.0.1+9-24)
# Java VM: Java HotSpot(TM) 64-Bit Server VM (16.0.1+9-24, mixed mode, sharing, tiered, compressed oops, compressed class ptrs, parallel gc, windows-amd64)
# Problematic frame:
# V  [jvm.dll+0x699f72]
#
# No core dump will be written. Minidumps are not enabled by default on client versions of Windows
#
# If you would like to submit a bug report, please visit:
#   https://bugreport.java.com/bugreport/crash.jsp
#

---------------  S U M M A R Y ------------

Command Line: --add-modules=ALL-SYSTEM --add-opens=java.base/java.util=ALL-UNNAMED --add-opens=java.base/java.lang=ALL-UNNAMED -Declipse.application=org.eclipse.jdt.ls.core.id1 -Dosgi.bundles.defaultStartLevel=4 -Declipse.product=org.eclipse.jdt.ls.core.product -Dfile.encoding=utf8 -DwatchParentProcess=false -XX:+UseParallelGC -XX:GCTimeRatio=4 -XX:AdaptiveSizePolicyWeight=90 -Dsun.zip.disableMemoryMapping=true -Xmx1G -Xms100m c:\Users\Damian\.vscode\extensions\redhat.java-0.81.0\server\plugins\org.eclipse.equinox.launcher_1.6.200.v20210416-2027.jar -configuration c:\Users\Damian\AppData\Roaming\Code\User\globalStorage\redhat.java\0.81.0\config_win -data c:\Users\Damian\AppData\Roaming\Code\User\workspaceStorage\62b3db866241590d49bf9a39fe4a0db2\redhat.java\jdt_ws

Host: 11th Gen Intel(R) Core(TM) i9-11900K @ 3.50GHz, 16 cores, 31G,  Windows 10 , 64 bit Build 22000 (10.0.22000.120)
Time: Sun Aug 29 07:21:16 2021 Eastern Daylight Time elapsed time: 16783.928036 seconds (0d 4h 39m 43s)

---------------  T H R E A D  ---------------

Current thread (0x00000227e13e1880):  GCTaskThread "GC Thread#12" [stack: 0x0000007ceb000000,0x0000007ceb100000] [id=15368]

Stack: [0x0000007ceb000000,0x0000007ceb100000],  sp=0x0000007ceb0ff370,  free space=1020k
Native frames: (J=compiled Java code, j=interpreted, Vv=VM code, C=native code)
V  [jvm.dll+0x699f72]
V  [jvm.dll+0x6a524f]
V  [jvm.dll+0x6a0932]
V  [jvm.dll+0x6727db]
V  [jvm.dll+0x6a171c]
V  [jvm.dll+0x6a1197]
V  [jvm.dll+0x69b5cb]
V  [jvm.dll+0x69f822]
V  [jvm.dll+0x7f844b]
V  [jvm.dll+0x779b4a]
V  [jvm.dll+0x667666]
C  [ucrtbase.dll+0x26c0c]
C  [KERNEL32.DLL+0x154e0]
C  [ntdll.dll+0x485b]


siginfo: EXCEPTION_ACCESS_VIOLATION (0xc0000005), reading address 0x000000009c4db088


Register to memory mapping:

RIP=0x00007ffc1ec99f72 jvm.dll
RAX=0x0000000000000227 is an unknown value
RBX=0x000000009c4db088 is an unknown value
RCX=0x0000007ceb0ff3d0 points into unknown readable memory: 0x00007ffc1ef3dca8 | a8 dc f3 1e fc 7f 00 00
RDX=
[error occurred during error reporting (printing register info), id 0xc0000005, EXCEPTION_ACCESS_VIOLATION (0xc0000005) at pc=0x00007ffc1ec74e33]

Registers:
RAX=0x0000000000000227, RBX=0x000000009c4db088, RCX=0x0000007ceb0ff3d0, RDX=0x00000000c37ebcf8
RSP=0x0000007ceb0ff370, RBP=0x0000007ceb0ff3d0, RSI=0x000000080013d9d8, RDI=0x000000009c4db924
R8 =0x000000080013d748, R9 =0x0000000000000008, R10=0x0000000000000051, R11=0x00000227d8ca0090
R12=0x00000000c6f788d0, R13=0x000000000000007f, R14=0x0000000802d9f350, R15=0x00000000c37ebcf8
RIP=0x00007ffc1ec99f72, EFLAGS=0x0000000000010283

Top of Stack: (sp=0x0000007ceb0ff370)
0x0000007ceb0ff370:   00000000c37decd8 00007ffc1ec9a950
0x0000007ceb0ff380:   00000227d8ca0090 00000227be7c13d8
0x0000007ceb0ff390:   0000007ceb0ff520 00007ffc1f0f0b20
0x0000007ceb0ff3a0:   00000000007f1a0d 00007ffc1eca524f
0x0000007ceb0ff3b0:   0000007ceb0ff520 000000000000000a
0x0000007ceb0ff3c0:   0000000000800000 00007ffc1ec729bb
0x0000007ceb0ff3d0:   00007ffc1ef3dca8 0000000000000000
0x0000007ceb0ff3e0:   00000227d8ca0090 00000000007f15b0
0x0000007ceb0ff3f0:   0000000000000014 00007ffc1eca0932
0x0000007ceb0ff400:   0000007ceb0ff520 0000000000000004
0x0000007ceb0ff410:   00000227d8ca0090 00000000c34a8000
0x0000007ceb0ff420:   0000000000800000 00007ffc1ec727db
0x0000007ceb0ff430:   00000000007f1a04 0000000000001583
0x0000007ceb0ff440:   00000000c348ad98 00007ffc1eca0932
0x0000007ceb0ff450:   00000000c3f00000 00000000c3f7fff8
0x0000007ceb0ff460:   000000000000007f 00000000c6f788d0 

Instructions: (pc=0x00007ffc1ec99f72)
0x00007ffc1ec99e72:   03 c2 4a 8d 3c d3 4c 8d 34 c3 49 3b fe 73 44 48
0x00007ffc1ec99e82:   89 74 24 48 66 66 0f 1f 84 00 00 00 00 00 48 63
0x00007ffc1ec99e92:   1f 8b 47 04 49 03 df 48 8d 34 c3 48 3b de 73 15
0x00007ffc1ec99ea2:   48 8b 4d 18 48 8b d3 e8 82 fa ff ff 48 83 c3 08
0x00007ffc1ec99eb2:   48 3b de 72 eb 48 83 c7 08 49 3b fe 72 d0 48 8b
0x00007ffc1ec99ec2:   74 24 48 49 8b cf e8 43 da ce ff 4c 8b 7c 24 20
0x00007ffc1ec99ed2:   4c 8b 74 24 28 48 8b 7c 24 50 48 8b 5c 24 40 48
0x00007ffc1ec99ee2:   85 c0 74 17 44 8b 45 10 45 33 c9 48 8b d5 48 8b
0x00007ffc1ec99ef2:   c8 48 83 c4 30 5d e9 23 ae b5 ff 48 83 c4 30 5d
0x00007ffc1ec99f02:   c3 cc cc cc cc cc cc cc cc cc cc cc cc cc 48 89
0x00007ffc1ec99f12:   6c 24 18 56 41 56 41 57 48 83 ec 20 4d 63 50 10
0x00007ffc1ec99f22:   4c 8b fa 4d 63 88 24 01 00 00 49 83 c2 39 41 8b
0x00007ffc1ec99f32:   80 20 01 00 00 4d 03 d1 49 03 c2 48 8b e9 4b 8d
0x00007ffc1ec99f42:   34 d0 4d 8d 34 c0 49 3b f6 0f 83 7c 00 00 00 48
0x00007ffc1ec99f52:   89 5c 24 40 48 89 7c 24 48 0f 1f 44 00 00 48 63
0x00007ffc1ec99f62:   1e 8b 46 04 49 03 df 48 8d 3c 83 48 3b df 73 48
0x00007ffc1ec99f72:   8b 03 85 c0 74 39 8b 0d ba 70 3d 00 8b d0 4c 8b
0x00007ffc1ec99f82:   45 10 48 d3 e2 48 8d 0d d2 6b 45 00 48 03 15 9b
0x00007ffc1ec99f92:   70 3d 00 e8 36 4e 00 00 48 85 c0 74 12 48 2b 05
0x00007ffc1ec99fa2:   8a 70 3d 00 8b 0d 8c 70 3d 00 48 d3 e8 89 03 48
0x00007ffc1ec99fb2:   83 c3 04 48 3b df 72 b8 48 83 c6 08 49 3b f6 72
0x00007ffc1ec99fc2:   9d 48 8b 7c 24 48 48 8b 5c 24 40 48 8b 6c 24 50
0x00007ffc1ec99fd2:   48 83 c4 20 41 5f 41 5e 5e c3 cc cc cc cc 40 55
0x00007ffc1ec99fe2:   48 83 ec 30 48 89 5c 24 40 48 8b e9 49 8b d8 48
0x00007ffc1ec99ff2:   89 7c 24 50 44 8b 41 10 45 33 c9 4c 89 74 24 28
0x00007ffc1ec9a002:   4c 89 7c 24 20 4c 8b fa 48 8b d1 48 8b 8b 98 00
0x00007ffc1ec9a012:   00 00 e8 07 ad b5 ff 4c 63 53 10 4c 63 8b 24 01
0x00007ffc1ec9a022:   00 00 49 83 c2 39 8b 83 20 01 00 00 4d 03 d1 49
0x00007ffc1ec9a032:   03 c2 4a 8d 3c d3 4c 8d 34 c3 49 3b fe 73 44 48
0x00007ffc1ec9a042:   89 74 24 48 66 66 0f 1f 84 00 00 00 00 00 48 63
0x00007ffc1ec9a052:   1f 8b 47 04 49 03 df 48 8d 34 83 48 3b de 73 15
0x00007ffc1ec9a062:   48 8b 4d 18 48 8b d3 e8 32 f9 ff ff 48 83 c3 04 


Stack slot to memory mapping:
stack at sp + 0 slots: 0x00000000c37decd8 is pointing into object: java.util.HashMap$Node 
{0x00000000c37decd0} - klass: 'java/util/HashMap$Node'
stack at sp + 1 slots: 0x00007ffc1ec9a950 jvm.dll
stack at sp + 2 slots: 0x00000227d8ca0090 points into unknown readable memory: 0x00000227d73e3fc0 | c0 3f 3e d7 27 02 00 00
stack at sp + 3 slots: 0x00000227be7c13d8 points into unknown readable memory: 0x00000000c37decd8 | d8 ec 7d c3 00 00 00 00
stack at sp + 4 slots: 0x0000007ceb0ff520 points into unknown readable memory: 0x00007ffc1ef3dc58 | 58 dc f3 1e fc 7f 00 00
stack at sp + 5 slots: 0x00007ffc1f0f0b20 jvm.dll
stack at sp + 6 slots: 0x00000000007f1a0d is an unknown value
stack at sp + 7 slots: 0x00007ffc1eca524f jvm.dll


---------------  P R O C E S S  ---------------

Threads class SMR info:
_java_thread_list=0x00000227e0996f70, length=43, elements={
0x00000227bc9caed0, 0x00000227d8ce31c0, 0x00000227d8ce3ad0, 0x00000227d8cf7940,
0x00000227d8cf8340, 0x00000227d8cf8d40, 0x00000227d8cfc760, 0x00000227d8cfdce0,
0x00000227d8d007e0, 0x00000227d8d01220, 0x00000227d8df7f10, 0x00000227d8f2f780,
0x00000227db2e0e10, 0x00000227db33cad0, 0x00000227db35fb40, 0x00000227db3a4b90,
0x00000227dc543670, 0x00000227db699a20, 0x00000227db69a4c0, 0x00000227db6974f0,
0x00000227db698a30, 0x00000227dc5996c0, 0x00000227dc59d680, 0x00000227db698f80,
0x00000227dc8cd740, 0x00000227dc8d1700, 0x00000227dc8d11b0, 0x00000227dc8ccca0,
0x00000227dc8d1c50, 0x00000227dc598c20, 0x00000227e048cf30, 0x00000227dc8cd1f0,
0x00000227dc8ce730, 0x00000227dc8cdc90, 0x00000227dc8cf1d0, 0x00000227dc8cfc70,
0x00000227dc8d3c30, 0x00000227dc8d26f0, 0x00000227dc8cec80, 0x00000227dc8cc200,
0x00000227dc8d3190, 0x00000227e048df20, 0x00000227e0486f90
}

Java Threads: ( => current thread )
  0x00000227bc9caed0 JavaThread "main" [_thread_blocked, id=5104, stack(0x0000007ce8000000,0x0000007ce8100000)]
  0x00000227d8ce31c0 JavaThread "Reference Handler" daemon [_thread_blocked, id=22900, stack(0x0000007ce8300000,0x0000007ce8400000)]
  0x00000227d8ce3ad0 JavaThread "Finalizer" daemon [_thread_blocked, id=19960, stack(0x0000007ce8400000,0x0000007ce8500000)]
  0x00000227d8cf7940 JavaThread "Signal Dispatcher" daemon [_thread_blocked, id=20992, stack(0x0000007ce8500000,0x0000007ce8600000)]
  0x00000227d8cf8340 JavaThread "Attach Listener" daemon [_thread_blocked, id=6556, stack(0x0000007ce8600000,0x0000007ce8700000)]
  0x00000227d8cf8d40 JavaThread "Service Thread" daemon [_thread_blocked, id=11464, stack(0x0000007ce8700000,0x0000007ce8800000)]
  0x00000227d8cfc760 JavaThread "Monitor Deflation Thread" daemon [_thread_blocked, id=18872, stack(0x0000007ce8800000,0x0000007ce8900000)]
  0x00000227d8cfdce0 JavaThread "C2 CompilerThread0" daemon [_thread_blocked, id=2840, stack(0x0000007ce8900000,0x0000007ce8a00000)]
  0x00000227d8d007e0 JavaThread "C1 CompilerThread0" daemon [_thread_blocked, id=1552, stack(0x0000007ce8a00000,0x0000007ce8b00000)]
  0x00000227d8d01220 JavaThread "Sweeper thread" daemon [_thread_blocked, id=9404, stack(0x0000007ce8b00000,0x0000007ce8c00000)]
  0x00000227d8df7f10 JavaThread "Common-Cleaner" daemon [_thread_blocked, id=22756, stack(0x0000007ce8c00000,0x0000007ce8d00000)]
  0x00000227d8f2f780 JavaThread "Notification Thread" daemon [_thread_blocked, id=21356, stack(0x0000007ce9200000,0x0000007ce9300000)]
  0x00000227db2e0e10 JavaThread "Active Thread: Equinox Container: 8b2317e2-6172-4e19-8730-bdddf85a7608" [_thread_blocked, id=22996, stack(0x0000007ce9400000,0x0000007ce9500000)]
  0x00000227db33cad0 JavaThread "Framework Event Dispatcher: Equinox Container: 8b2317e2-6172-4e19-8730-bdddf85a7608" daemon [_thread_blocked, id=7456, stack(0x0000007ce9800000,0x0000007ce9900000)]
  0x00000227db35fb40 JavaThread "Start Level: Equinox Container: 8b2317e2-6172-4e19-8730-bdddf85a7608" daemon [_thread_blocked, id=4168, stack(0x0000007ce9900000,0x0000007ce9a00000)]
  0x00000227db3a4b90 JavaThread "SCR Component Actor" daemon [_thread_blocked, id=2624, stack(0x0000007ce9a00000,0x0000007ce9b00000)]
  0x00000227dc543670 JavaThread "Bundle File Closer" daemon [_thread_blocked, id=22960, stack(0x0000007ce9c00000,0x0000007ce9d00000)]
  0x00000227db699a20 JavaThread "Worker-JM" [_thread_blocked, id=15880, stack(0x0000007ce9d00000,0x0000007ce9e00000)]
  0x00000227db69a4c0 JavaThread "Java indexing" daemon [_thread_blocked, id=3660, stack(0x0000007cea400000,0x0000007cea500000)]
  0x00000227db6974f0 JavaThread "logback configurator timer" daemon [_thread_blocked, id=21368, stack(0x0000007cea900000,0x0000007ceaa00000)]
  0x00000227db698a30 JavaThread "pool-2-thread-1" [_thread_in_native, id=23148, stack(0x0000007ceab00000,0x0000007ceac00000)]
  0x00000227dc5996c0 JavaThread "Java Debug Server" daemon [_thread_in_native, id=7604, stack(0x0000007cec400000,0x0000007cec500000)]
  0x00000227dc59d680 JavaThread "RxSchedulerPurge-1" daemon [_thread_blocked, id=9236, stack(0x0000007cec600000,0x0000007cec700000)]
  0x00000227db698f80 JavaThread "RxCachedWorkerPoolEvictor-1" daemon [_thread_blocked, id=19732, stack(0x0000007cec700000,0x0000007cec800000)]
  0x00000227dc8cd740 JavaThread "ForkJoinPool.commonPool-worker-23" daemon [_thread_blocked, id=20012, stack(0x0000007ce8d00000,0x0000007ce8e00000)]
  0x00000227dc8d1700 JavaThread "ForkJoinPool.commonPool-worker-13" daemon [_thread_blocked, id=20516, stack(0x0000007ce9000000,0x0000007ce9100000)]
  0x00000227dc8d11b0 JavaThread "ForkJoinPool.commonPool-worker-31" daemon [_thread_blocked, id=24184, stack(0x0000007ce9100000,0x0000007ce9200000)]
  0x00000227dc8ccca0 JavaThread "ForkJoinPool.commonPool-worker-7" daemon [_thread_blocked, id=7748, stack(0x0000007cea300000,0x0000007cea400000)]
  0x00000227dc8d1c50 JavaThread "ForkJoinPool.commonPool-worker-25" daemon [_thread_blocked, id=1424, stack(0x0000007ceaa00000,0x0000007ceab00000)]
  0x00000227dc598c20 JavaThread "ForkJoinPool.commonPool-worker-15" daemon [_thread_blocked, id=23896, stack(0x0000007ce9b00000,0x0000007ce9c00000)]
  0x00000227e048cf30 JavaThread "ForkJoinPool.commonPool-worker-17" daemon [_thread_blocked, id=18012, stack(0x0000007ce7d00000,0x0000007ce7e00000)]
  0x00000227dc8cd1f0 JavaThread "ForkJoinPool.commonPool-worker-27" daemon [_thread_blocked, id=20652, stack(0x0000007ce7f00000,0x0000007ce8000000)]
  0x00000227dc8ce730 JavaThread "ForkJoinPool.commonPool-worker-19" daemon [_thread_blocked, id=20140, stack(0x0000007ce8e00000,0x0000007ce8f00000)]
  0x00000227dc8cdc90 JavaThread "ForkJoinPool.commonPool-worker-29" daemon [_thread_blocked, id=23508, stack(0x0000007ce8f00000,0x0000007ce9000000)]
  0x00000227dc8cf1d0 JavaThread "ForkJoinPool.commonPool-worker-1" daemon [_thread_blocked, id=11268, stack(0x0000007cead00000,0x0000007ceae00000)]
  0x00000227dc8cfc70 JavaThread "ForkJoinPool.commonPool-worker-21" daemon [_thread_blocked, id=3884, stack(0x0000007ce7e00000,0x0000007ce7f00000)]
  0x00000227dc8d3c30 JavaThread "ForkJoinPool.commonPool-worker-5" daemon [_thread_blocked, id=20268, stack(0x0000007cea100000,0x0000007cea200000)]
  0x00000227dc8d26f0 JavaThread "ForkJoinPool.commonPool-worker-9" daemon [_thread_blocked, id=10796, stack(0x0000007cea200000,0x0000007cea300000)]
  0x00000227dc8cec80 JavaThread "Worker-56" [_thread_blocked, id=21608, stack(0x0000007ceb100000,0x0000007ceb200000)]
  0x00000227dc8cc200 JavaThread "ForkJoinPool.commonPool-worker-11" daemon [_thread_blocked, id=22668, stack(0x0000007ce9e00000,0x0000007ce9f00000)]
  0x00000227dc8d3190 JavaThread "Worker-58" [_thread_blocked, id=19844, stack(0x0000007ceb200000,0x0000007ceb300000)]
  0x00000227e048df20 JavaThread "Worker-59" [_thread_blocked, id=12376, stack(0x0000007ceac00000,0x0000007cead00000)]
  0x00000227e0486f90 JavaThread "Worker-60" [_thread_blocked, id=24384, stack(0x0000007ceb300000,0x0000007ceb400000)]

Other Threads:
  0x00000227d8ce23b0 VMThread "VM Thread" [stack: 0x0000007ce8200000,0x0000007ce8300000] [id=17412]
  0x00000227d8f35cc0 WatcherThread [stack: 0x0000007ce9300000,0x0000007ce9400000] [id=18652]
  0x00000227bea99ea0 GCTaskThread "GC Thread#0" [stack: 0x0000007ce8100000,0x0000007ce8200000] [id=17924]
  0x00000227db60cf30 GCTaskThread "GC Thread#1" [stack: 0x0000007ce9500000,0x0000007ce9600000] [id=22568]
  0x00000227db5ec3e0 GCTaskThread "GC Thread#2" [stack: 0x0000007ce9600000,0x0000007ce9700000] [id=18596]
  0x00000227db5ec6f0 GCTaskThread "GC Thread#3" [stack: 0x0000007ce9700000,0x0000007ce9800000] [id=21348]
  0x00000227dc7fde10 GCTaskThread "GC Thread#4" [stack: 0x0000007ce9f00000,0x0000007cea000000] [id=1516]
  0x00000227dc7fe120 GCTaskThread "GC Thread#5" [stack: 0x0000007cea000000,0x0000007cea100000] [id=15424]
  0x00000227dcec4cd0 GCTaskThread "GC Thread#6" [stack: 0x0000007cea500000,0x0000007cea600000] [id=4360]
  0x00000227dd0ea620 GCTaskThread "GC Thread#7" [stack: 0x0000007cea600000,0x0000007cea700000] [id=7212]
  0x00000227dd0eb140 GCTaskThread "GC Thread#8" [stack: 0x0000007cea700000,0x0000007cea800000] [id=1052]
  0x00000227dc83bdc0 GCTaskThread "GC Thread#9" [stack: 0x0000007cea800000,0x0000007cea900000] [id=20068]
  0x00000227dcb40000 GCTaskThread "GC Thread#10" [stack: 0x0000007ceae00000,0x0000007ceaf00000] [id=7324]
  0x00000227ddc91e90 GCTaskThread "GC Thread#11" [stack: 0x0000007ceaf00000,0x0000007ceb000000] [id=15624]
=>0x00000227e13e1880 GCTaskThread "GC Thread#12" [stack: 0x0000007ceb000000,0x0000007ceb100000] [id=15368]

Threads with active compile tasks:

VM state: at safepoint (normal execution)

VM Mutex/Monitor currently owned by a thread:  ([mutex/lock_event])
[0x00000227bea82f30] Threads_lock - owner thread: 0x00000227d8ce23b0
[0x00000227bea84880] Heap_lock - owner thread: 0x00000227dc8d1c50

Heap address: 0x00000000c0000000, size: 1024 MB, Compressed Oops mode: 32-bit

CDS archive(s) mapped at: [0x0000000800000000-0x0000000800bb0000-0x0000000800bb0000), size 12255232, SharedBaseAddress: 0x0000000800000000, ArchiveRelocationMode: 0.
Compressed class space mapped at: 0x0000000800c00000-0x0000000840c00000, reserved size: 1073741824
Narrow klass base: 0x0000000800000000, Narrow klass shift: 3, Narrow klass range: 0x100000000

GC Precious Log:
 CPUs: 16 total, 16 available
 Memory: 32596M
 Large Page Support: Disabled
 NUMA Support: Disabled
 Compressed Oops: Enabled (32-bit)
 Alignments: Space 512K, Generation 512K, Heap 2M
 Heap Min Capacity: 100M
 Heap Initial Capacity: 100M
 Heap Max Capacity: 1G
 Pre-touch: Disabled
 Parallel Workers: 13

Heap:
 PSYoungGen      total 3584K, used 791K [0x00000000eab00000, 0x00000000eaf80000, 0x0000000100000000)
  eden space 2560K, 0% used [0x00000000eab00000,0x00000000eab00000,0x00000000ead80000)
  from space 1024K, 77% used [0x00000000eae80000,0x00000000eaf45dd0,0x00000000eaf80000)
  to   space 1024K, 0% used [0x00000000ead80000,0x00000000ead80000,0x00000000eae80000)
 ParOldGen       total 114688K, used 114146K [0x00000000c0000000, 0x00000000c7000000, 0x00000000eab00000)
  object space 114688K, 99% used [0x00000000c0000000,0x00000000c6f788d0,0x00000000c7000000)
 Metaspace       used 73687K, committed 74560K, reserved 1122304K
  class space    used 6823K, committed 7232K, reserved 1048576K

Card table byte_map: [0x00000227be450000,0x00000227be660000] _byte_map_base: 0x00000227bde50000

Marking Bits: (ParMarkBitMap*) 0x00007ffc1f0f0b20
 Begin Bits: [0x00000227d51f0000, 0x00000227d61f0000)
 End Bits:   [0x00000227d61f0000, 0x00000227d71f0000)

Polling page: 0x00000227bca20000

Metaspace:

Usage:
  Non-class:     65.30 MB used.
      Class:      6.66 MB used.
       Both:     71.96 MB used.

Virtual space:
  Non-class space:       72.00 MB reserved,      65.75 MB ( 91%) committed,  9 nodes.
      Class space:        1.00 GB reserved,       7.06 MB ( <1%) committed,  1 nodes.
              Both:        1.07 GB reserved,      72.81 MB (  7%) committed. 

Chunk freelists:
   Non-Class:  2.29 MB
       Class:  1014.00 KB
        Both:  3.28 MB

MaxMetaspaceSize: 17179869184.00 GB
CompressedClassSpaceSize: 1.00 GB
 - commit_granule_bytes: 65536.
 - commit_granule_words: 8192.
 - virtual_space_node_default_size: 1048576.
 - enlarge_chunks_in_place: 1.
 - new_chunks_are_fully_committed: 0.
 - uncommit_free_chunks: 1.
 - use_allocation_guard: 0.
 - handle_deallocations: 1.


Internal statistics:

num_allocs_failed_limit: 6.
num_arena_births: 520.
num_arena_deaths: 86.
num_vsnodes_births: 10.
num_vsnodes_deaths: 0.
num_space_committed: 1165.
num_space_uncommitted: 0.
num_chunks_returned_to_freelist: 116.
num_chunks_taken_from_freelist: 3988.
num_chunk_merges: 26.
num_chunk_splits: 2378.
num_chunks_enlarged: 1234.
num_purges: 14.

CodeHeap 'non-profiled nmethods': size=119168Kb used=27036Kb max_used=27036Kb free=92131Kb
 bounds [0x00000227cdd90000, 0x00000227cf800000, 0x00000227d51f0000]
CodeHeap 'profiled nmethods': size=119104Kb used=32933Kb max_used=32966Kb free=86170Kb
 bounds [0x00000227c6940000, 0x00000227c89c0000, 0x00000227cdd90000]
CodeHeap 'non-nmethods': size=7488Kb used=1408Kb max_used=3182Kb free=6079Kb
 bounds [0x00000227c61f0000, 0x00000227c6530000, 0x00000227c6940000]
 total_blobs=17897 nmethods=17158 adapters=644
 compilation: enabled
              stopped_count=0, restarted_count=0
 full_count=0

Compilation events (20 events):
Event: 16778.455 Thread 0x00000227d8cfdce0 27422       4       org.eclipse.jdt.internal.compiler.lookup.ReferenceBinding::unResolvedMethods (5 bytes)
Event: 16778.462 Thread 0x00000227d8cfdce0 nmethod 27422 0x00000227cf7f5010 code [0x00000227cf7f5240, 0x00000227cf7f59f0]
Event: 16778.679 Thread 0x00000227d8d007e0 27423       3       org.eclipse.jdt.internal.core.ClassFile::simpleName (42 bytes)
Event: 16778.679 Thread 0x00000227d8d007e0 nmethod 27423 0x00000227c7dd0710 code [0x00000227c7dd0960, 0x00000227c7dd1088]
Event: 16778.680 Thread 0x00000227d8cfdce0 27424       4       org.eclipse.jdt.core.compiler.CharOperation::remove (106 bytes)
Event: 16778.681 Thread 0x00000227d8cfdce0 nmethod 27424 0x00000227cf704210 code [0x00000227cf7043a0, 0x00000227cf704518]
Event: 16778.683 Thread 0x00000227d8cfdce0 27425   !   4       org.eclipse.jdt.internal.compiler.ast.TypeDeclaration::traverse (426 bytes)
Event: 16778.692 Thread 0x00000227d8cfdce0 nmethod 27425 0x00000227cf7f6010 code [0x00000227cf7f6260, 0x00000227cf7f7218]
Event: 16778.697 Thread 0x00000227d8d007e0 27426       3       org.eclipse.jdt.internal.codeassist.InternalCompletionProposal::findMethod (173 bytes)
Event: 16778.698 Thread 0x00000227d8d007e0 nmethod 27426 0x00000227c7f8c110 code [0x00000227c7f8c440, 0x00000227c7f8d9e8]
Event: 16779.718 Thread 0x00000227d8d007e0 27427       3       org.eclipse.jdt.core.CompletionRequestor::<init> (6 bytes)
Event: 16779.718 Thread 0x00000227d8d007e0 nmethod 27427 0x00000227c6a96390 code [0x00000227c6a96540, 0x00000227c6a96758]
Event: 16779.722 Thread 0x00000227d8d007e0 27428       3       org.eclipse.jdt.internal.core.SearchableEnvironment::findTypeInModules (86 bytes)
Event: 16779.722 Thread 0x00000227d8d007e0 nmethod 27428 0x00000227c7f8b510 code [0x00000227c7f8b720, 0x00000227c7f8be78]
Event: 16779.722 Thread 0x00000227d8d007e0 27429   !   3       org.eclipse.jdt.internal.codeassist.InternalCompletionProposal::findMethodParameterNames (235 bytes)
Event: 16779.722 Thread 0x00000227d8d007e0 nmethod 27429 0x00000227c8535190 code [0x00000227c8535460, 0x00000227c8536528]
Event: 16779.726 Thread 0x00000227d8d007e0 27430       3       org.eclipse.jdt.internal.compiler.lookup.FieldBinding::canBeSeenBy (513 bytes)
Event: 16779.727 Thread 0x00000227d8d007e0 nmethod 27430 0x00000227c7564310 code [0x00000227c7564840, 0x00000227c7567798]
Event: 16779.727 Thread 0x00000227d8d007e0 27431       3       org.eclipse.core.runtime.ProgressMonitorWrapper::done (10 bytes)
Event: 16779.727 Thread 0x00000227d8d007e0 nmethod 27431 0x00000227c7af0b10 code [0x00000227c7af0cc0, 0x00000227c7af0ea8]

GC Heap History (20 events):
Event: 16783.598 GC heap after
{Heap after GC invocations=18361 (full 679):
 PSYoungGen      total 4096K, used 1024K [0x00000000eab00000, 0x00000000eb100000, 0x0000000100000000)
  eden space 3072K, 0% used [0x00000000eab00000,0x00000000eab00000,0x00000000eae00000)
  from space 1024K, 100% used [0x00000000eae00000,0x00000000eaf00000,0x00000000eaf00000)
  to   space 1536K, 0% used [0x00000000eaf80000,0x00000000eaf80000,0x00000000eb100000)
 ParOldGen       total 114688K, used 107230K [0x00000000c0000000, 0x00000000c7000000, 0x00000000eab00000)
  object space 114688K, 93% used [0x00000000c0000000,0x00000000c68b7b50,0x00000000c7000000)
 Metaspace       used 73687K, committed 74560K, reserved 1122304K
  class space    used 6823K, committed 7232K, reserved 1048576K
}
Event: 16783.602 GC heap before
{Heap before GC invocations=18362 (full 679):
 PSYoungGen      total 4096K, used 4096K [0x00000000eab00000, 0x00000000eb100000, 0x0000000100000000)
  eden space 3072K, 100% used [0x00000000eab00000,0x00000000eae00000,0x00000000eae00000)
  from space 1024K, 100% used [0x00000000eae00000,0x00000000eaf00000,0x00000000eaf00000)
  to   space 1536K, 0% used [0x00000000eaf80000,0x00000000eaf80000,0x00000000eb100000)
 ParOldGen       total 114688K, used 107230K [0x00000000c0000000, 0x00000000c7000000, 0x00000000eab00000)
  object space 114688K, 93% used [0x00000000c0000000,0x00000000c68b7b50,0x00000000c7000000)
 Metaspace       used 73687K, committed 74560K, reserved 1122304K
  class space    used 6823K, committed 7232K, reserved 1048576K
}
Event: 16783.603 GC heap after
{Heap after GC invocations=18362 (full 679):
 PSYoungGen      total 3072K, used 1534K [0x00000000eab00000, 0x00000000eb400000, 0x0000000100000000)
  eden space 1536K, 0% used [0x00000000eab00000,0x00000000eab00000,0x00000000eac80000)
  from space 1536K, 99% used [0x00000000eaf80000,0x00000000eb0ffb28,0x00000000eb100000)
  to   space 3072K, 0% used [0x00000000eac80000,0x00000000eac80000,0x00000000eaf80000)
 ParOldGen       total 114688K, used 108070K [0x00000000c0000000, 0x00000000c7000000, 0x00000000eab00000)
  object space 114688K, 94% used [0x00000000c0000000,0x00000000c6989b10,0x00000000c7000000)
 Metaspace       used 73687K, committed 74560K, reserved 1122304K
  class space    used 6823K, committed 7232K, reserved 1048576K
}
Event: 16783.605 GC heap before
{Heap before GC invocations=18363 (full 679):
 PSYoungGen      total 3072K, used 3070K [0x00000000eab00000, 0x00000000eb400000, 0x0000000100000000)
  eden space 1536K, 100% used [0x00000000eab00000,0x00000000eac80000,0x00000000eac80000)
  from space 1536K, 99% used [0x00000000eaf80000,0x00000000eb0ffb28,0x00000000eb100000)
  to   space 3072K, 0% used [0x00000000eac80000,0x00000000eac80000,0x00000000eaf80000)
 ParOldGen       total 114688K, used 108070K [0x00000000c0000000, 0x00000000c7000000, 0x00000000eab00000)
  object space 114688K, 94% used [0x00000000c0000000,0x00000000c6989b10,0x00000000c7000000)
 Metaspace       used 73687K, committed 74560K, reserved 1122304K
  class space    used 6823K, committed 7232K, reserved 1048576K
}
Event: 16783.606 GC heap after
{Heap after GC invocations=18363 (full 679):
 PSYoungGen      total 2560K, used 704K [0x00000000eab00000, 0x00000000eb000000, 0x0000000100000000)
  eden space 1536K, 0% used [0x00000000eab00000,0x00000000eab00000,0x00000000eac80000)
  from space 1024K, 68% used [0x00000000eac80000,0x00000000ead30000,0x00000000ead80000)
  to   space 1536K, 0% used [0x00000000eae80000,0x00000000eae80000,0x00000000eb000000)
 ParOldGen       total 114688K, used 109566K [0x00000000c0000000, 0x00000000c7000000, 0x00000000eab00000)
  object space 114688K, 95% used [0x00000000c0000000,0x00000000c6aff880,0x00000000c7000000)
 Metaspace       used 73687K, committed 74560K, reserved 1122304K
  class space    used 6823K, committed 7232K, reserved 1048576K
}
Event: 16783.608 GC heap before
{Heap before GC invocations=18364 (full 679):
 PSYoungGen      total 2560K, used 2240K [0x00000000eab00000, 0x00000000eb000000, 0x0000000100000000)
  eden space 1536K, 100% used [0x00000000eab00000,0x00000000eac80000,0x00000000eac80000)
  from space 1024K, 68% used [0x00000000eac80000,0x00000000ead30000,0x00000000ead80000)
  to   space 1536K, 0% used [0x00000000eae80000,0x00000000eae80000,0x00000000eb000000)
 ParOldGen       total 114688K, used 109566K [0x00000000c0000000, 0x00000000c7000000, 0x00000000eab00000)
  object space 114688K, 95% used [0x00000000c0000000,0x00000000c6aff880,0x00000000c7000000)
 Metaspace       used 73687K, committed 74560K, reserved 1122304K
  class space    used 6823K, committed 7232K, reserved 1048576K
}
Event: 16783.608 GC heap after
{Heap after GC invocations=18364 (full 679):
 PSYoungGen      total 2560K, used 503K [0x00000000eab00000, 0x00000000eaf00000, 0x0000000100000000)
  eden space 2048K, 0% used [0x00000000eab00000,0x00000000eab00000,0x00000000ead00000)
  from space 512K, 98% used [0x00000000eae80000,0x00000000eaefddd0,0x00000000eaf00000)
  to   space 1024K, 0% used [0x00000000ead00000,0x00000000ead00000,0x00000000eae00000)
 ParOldGen       total 114688K, used 110042K [0x00000000c0000000, 0x00000000c7000000, 0x00000000eab00000)
  object space 114688K, 95% used [0x00000000c0000000,0x00000000c6b76890,0x00000000c7000000)
 Metaspace       used 73687K, committed 74560K, reserved 1122304K
  class space    used 6823K, committed 7232K, reserved 1048576K
}
Event: 16783.610 GC heap before
{Heap before GC invocations=18365 (full 679):
 PSYoungGen      total 2560K, used 2551K [0x00000000eab00000, 0x00000000eaf00000, 0x0000000100000000)
  eden space 2048K, 100% used [0x00000000eab00000,0x00000000ead00000,0x00000000ead00000)
  from space 512K, 98% used [0x00000000eae80000,0x00000000eaefddd0,0x00000000eaf00000)
  to   space 1024K, 0% used [0x00000000ead00000,0x00000000ead00000,0x00000000eae00000)
 ParOldGen       total 114688K, used 110042K [0x00000000c0000000, 0x00000000c7000000, 0x00000000eab00000)
  object space 114688K, 95% used [0x00000000c0000000,0x00000000c6b76890,0x00000000c7000000)
 Metaspace       used 73687K, committed 74560K, reserved 1122304K
  class space    used 6823K, committed 7232K, reserved 1048576K
}
Event: 16783.611 GC heap after
{Heap after GC invocations=18365 (full 679):
 PSYoungGen      total 3072K, used 1022K [0x00000000eab00000, 0x00000000eb080000, 0x0000000100000000)
  eden space 2048K, 0% used [0x00000000eab00000,0x00000000eab00000,0x00000000ead00000)
  from space 1024K, 99% used [0x00000000ead00000,0x00000000eadffb18,0x00000000eae00000)
  to   space 1536K, 0% used [0x00000000eaf00000,0x00000000eaf00000,0x00000000eb080000)
 ParOldGen       total 114688K, used 110267K [0x00000000c0000000, 0x00000000c7000000, 0x00000000eab00000)
  object space 114688K, 96% used [0x00000000c0000000,0x00000000c6baecc0,0x00000000c7000000)
 Metaspace       used 73687K, committed 74560K, reserved 1122304K
  class space    used 6823K, committed 7232K, reserved 1048576K
}
Event: 16783.614 GC heap before
{Heap before GC invocations=18366 (full 679):
 PSYoungGen      total 3072K, used 3070K [0x00000000eab00000, 0x00000000eb080000, 0x0000000100000000)
  eden space 2048K, 100% used [0x00000000eab00000,0x00000000ead00000,0x00000000ead00000)
  from space 1024K, 99% used [0x00000000ead00000,0x00000000eadffb18,0x00000000eae00000)
  to   space 1536K, 0% used [0x00000000eaf00000,0x00000000eaf00000,0x00000000eb080000)
 ParOldGen       total 114688K, used 110267K [0x00000000c0000000, 0x00000000c7000000, 0x00000000eab00000)
  object space 114688K, 96% used [0x00000000c0000000,0x00000000c6baecc0,0x00000000c7000000)
 Metaspace       used 73687K, committed 74560K, reserved 1122304K
  class space    used 6823K, committed 7232K, reserved 1048576K
}
Event: 16783.614 GC heap after
{Heap after GC invocations=18366 (full 679):
 PSYoungGen      total 3584K, used 832K [0x00000000eab00000, 0x00000000eb000000, 0x0000000100000000)
  eden space 2560K, 0% used [0x00000000eab00000,0x00000000eab00000,0x00000000ead80000)
  from space 1024K, 81% used [0x00000000eaf00000,0x00000000eafd0000,0x00000000eb000000)
  to   space 1024K, 0% used [0x00000000eae00000,0x00000000eae00000,0x00000000eaf00000)
 ParOldGen       total 114688K, used 111277K [0x00000000c0000000, 0x00000000c7000000, 0x00000000eab00000)
  object space 114688K, 97% used [0x00000000c0000000,0x00000000c6cab5a0,0x00000000c7000000)
 Metaspace       used 73687K, committed 74560K, reserved 1122304K
  class space    used 6823K, committed 7232K, reserved 1048576K
}
Event: 16783.875 GC heap before
{Heap before GC invocations=18367 (full 679):
 PSYoungGen      total 3584K, used 3392K [0x00000000eab00000, 0x00000000eb000000, 0x0000000100000000)
  eden space 2560K, 100% used [0x00000000eab00000,0x00000000ead80000,0x00000000ead80000)
  from space 1024K, 81% used [0x00000000eaf00000,0x00000000eafd0000,0x00000000eb000000)
  to   space 1024K, 0% used [0x00000000eae00000,0x00000000eae00000,0x00000000eaf00000)
 ParOldGen       total 114688K, used 111277K [0x00000000c0000000, 0x00000000c7000000, 0x00000000eab00000)
  object space 114688K, 97% used [0x00000000c0000000,0x00000000c6cab5a0,0x00000000c7000000)
 Metaspace       used 73687K, committed 74560K, reserved 1122304K
  class space    used 6823K, committed 7232K, reserved 1048576K
}
Event: 16783.875 GC heap after
{Heap after GC invocations=18367 (full 679):
 PSYoungGen      total 3584K, used 654K [0x00000000eab00000, 0x00000000eaf80000, 0x0000000100000000)
  eden space 2560K, 0% used [0x00000000eab00000,0x00000000eab00000,0x00000000ead80000)
  from space 1024K, 63% used [0x00000000eae00000,0x00000000eaea3b08,0x00000000eaf00000)
  to   space 512K, 0% used [0x00000000eaf00000,0x00000000eaf00000,0x00000000eaf80000)
 ParOldGen       total 114688K, used 111933K [0x00000000c0000000, 0x00000000c7000000, 0x00000000eab00000)
  object space 114688K, 97% used [0x00000000c0000000,0x00000000c6d4f5a0,0x00000000c7000000)
 Metaspace       used 73687K, committed 74560K, reserved 1122304K
  class space    used 6823K, committed 7232K, reserved 1048576K
}
Event: 16783.878 GC heap before
{Heap before GC invocations=18368 (full 679):
 PSYoungGen      total 3584K, used 3214K [0x00000000eab00000, 0x00000000eaf80000, 0x0000000100000000)
  eden space 2560K, 100% used [0x00000000eab00000,0x00000000ead80000,0x00000000ead80000)
  from space 1024K, 63% used [0x00000000eae00000,0x00000000eaea3b08,0x00000000eaf00000)
  to   space 512K, 0% used [0x00000000eaf00000,0x00000000eaf00000,0x00000000eaf80000)
 ParOldGen       total 114688K, used 111933K [0x00000000c0000000, 0x00000000c7000000, 0x00000000eab00000)
  object space 114688K, 97% used [0x00000000c0000000,0x00000000c6d4f5a0,0x00000000c7000000)
 Metaspace       used 73687K, committed 74560K, reserved 1122304K
  class space    used 6823K, committed 7232K, reserved 1048576K
}
Event: 16783.879 GC heap after
{Heap after GC invocations=18368 (full 679):
 PSYoungGen      total 2560K, used 496K [0x00000000eab00000, 0x00000000eb180000, 0x0000000100000000)
  eden space 2048K, 0% used [0x00000000eab00000,0x00000000eab00000,0x00000000ead00000)
  from space 512K, 96% used [0x00000000eaf00000,0x00000000eaf7c010,0x00000000eaf80000)
  to   space 2048K, 0% used [0x00000000ead00000,0x00000000ead00000,0x00000000eaf00000)
 ParOldGen       total 114688K, used 112984K [0x00000000c0000000, 0x00000000c7000000, 0x00000000eab00000)
  object space 114688K, 98% used [0x00000000c0000000,0x00000000c6e56058,0x00000000c7000000)
 Metaspace       used 73687K, committed 74560K, reserved 1122304K
  class space    used 6823K, committed 7232K, reserved 1048576K
}
Event: 16783.882 GC heap before
{Heap before GC invocations=18369 (full 679):
 PSYoungGen      total 2560K, used 2544K [0x00000000eab00000, 0x00000000eb180000, 0x0000000100000000)
  eden space 2048K, 100% used [0x00000000eab00000,0x00000000ead00000,0x00000000ead00000)
  from space 512K, 96% used [0x00000000eaf00000,0x00000000eaf7c010,0x00000000eaf80000)
  to   space 2048K, 0% used [0x00000000ead00000,0x00000000ead00000,0x00000000eaf00000)
 ParOldGen       total 114688K, used 112984K [0x00000000c0000000, 0x00000000c7000000, 0x00000000eab00000)
  object space 114688K, 98% used [0x00000000c0000000,0x00000000c6e56058,0x00000000c7000000)
 Metaspace       used 73687K, committed 74560K, reserved 1122304K
  class space    used 6823K, committed 7232K, reserved 1048576K
}
Event: 16783.883 GC heap after
{Heap after GC invocations=18369 (full 679):
 PSYoungGen      total 3072K, used 832K [0x00000000eab00000, 0x00000000eb000000, 0x0000000100000000)
  eden space 2048K, 0% used [0x00000000eab00000,0x00000000eab00000,0x00000000ead00000)
  from space 1024K, 81% used [0x00000000ead00000,0x00000000eadd0000,0x00000000eae00000)
  to   space 1536K, 0% used [0x00000000eae80000,0x00000000eae80000,0x00000000eb000000)
 ParOldGen       total 114688K, used 113541K [0x00000000c0000000, 0x00000000c7000000, 0x00000000eab00000)
  object space 114688K, 99% used [0x00000000c0000000,0x00000000c6ee1620,0x00000000c7000000)
 Metaspace       used 73687K, committed 74560K, reserved 1122304K
  class space    used 6823K, committed 7232K, reserved 1048576K
}
Event: 16783.885 GC heap before
{Heap before GC invocations=18370 (full 679):
 PSYoungGen      total 3072K, used 2880K [0x00000000eab00000, 0x00000000eb000000, 0x0000000100000000)
  eden space 2048K, 100% used [0x00000000eab00000,0x00000000ead00000,0x00000000ead00000)
  from space 1024K, 81% used [0x00000000ead00000,0x00000000eadd0000,0x00000000eae00000)
  to   space 1536K, 0% used [0x00000000eae80000,0x00000000eae80000,0x00000000eb000000)
 ParOldGen       total 114688K, used 113541K [0x00000000c0000000, 0x00000000c7000000, 0x00000000eab00000)
  object space 114688K, 99% used [0x00000000c0000000,0x00000000c6ee1620,0x00000000c7000000)
 Metaspace       used 73687K, committed 74560K, reserved 1122304K
  class space    used 6823K, committed 7232K, reserved 1048576K
}
Event: 16783.886 GC heap after
{Heap after GC invocations=18370 (full 679):
 PSYoungGen      total 3584K, used 791K [0x00000000eab00000, 0x00000000eaf80000, 0x0000000100000000)
  eden space 2560K, 0% used [0x00000000eab00000,0x00000000eab00000,0x00000000ead80000)
  from space 1024K, 77% used [0x00000000eae80000,0x00000000eaf45dd0,0x00000000eaf80000)
  to   space 1024K, 0% used [0x00000000ead80000,0x00000000ead80000,0x00000000eae80000)
 ParOldGen       total 114688K, used 114146K [0x00000000c0000000, 0x00000000c7000000, 0x00000000eab00000)
  object space 114688K, 99% used [0x00000000c0000000,0x00000000c6f788d0,0x00000000c7000000)
 Metaspace       used 73687K, committed 74560K, reserved 1122304K
  class space    used 6823K, committed 7232K, reserved 1048576K
}
Event: 16783.886 GC heap before
{Heap before GC invocations=18371 (full 680):
 PSYoungGen      total 3584K, used 791K [0x00000000eab00000, 0x00000000eaf80000, 0x0000000100000000)
  eden space 2560K, 0% used [0x00000000eab00000,0x00000000eab00000,0x00000000ead80000)
  from space 1024K, 77% used [0x00000000eae80000,0x00000000eaf45dd0,0x00000000eaf80000)
  to   space 1024K, 0% used [0x00000000ead80000,0x00000000ead80000,0x00000000eae80000)
 ParOldGen       total 114688K, used 114146K [0x00000000c0000000, 0x00000000c7000000, 0x00000000eab00000)
  object space 114688K, 99% used [0x00000000c0000000,0x00000000c6f788d0,0x00000000c7000000)
 Metaspace       used 73687K, committed 74560K, reserved 1122304K
  class space    used 6823K, committed 7232K, reserved 1048576K
}

Deoptimization events (20 events):
Event: 16779.721 Thread 0x00000227dc8cfc70 Uncommon trap: trap_request=0xffffffc6 fr.pc=0x00000227ce41ac88 relative=0x00000000000003e8
Event: 16779.721 Thread 0x00000227dc8cfc70 Uncommon trap: reason=bimorphic_or_optimized_type_check action=maybe_recompile pc=0x00000227ce41ac88 method=org.eclipse.jdt.internal.compiler.lookup.FieldBinding.canBeSeenBy(Lorg/eclipse/jdt/internal/compiler/lookup/TypeBinding;Lorg/eclipse/jdt/internal/c
Event: 16779.721 Thread 0x00000227dc8cfc70 DEOPT PACKING pc=0x00000227ce41ac88 sp=0x0000007ce7efe3e0
Event: 16779.721 Thread 0x00000227dc8cfc70 DEOPT UNPACKING pc=0x00000227c61f85ae sp=0x0000007ce7efe368 mode 2
Event: 16779.722 Thread 0x00000227dc8cfc70 Uncommon trap: trap_request=0xffffffde fr.pc=0x00000227ce9a96a8 relative=0x0000000000000768
Event: 16779.722 Thread 0x00000227dc8cfc70 Uncommon trap: reason=class_check action=maybe_recompile pc=0x00000227ce9a96a8 method=org.eclipse.jdt.internal.compiler.lookup.ImplicitNullAnnotationVerifier.areTypesEqual(Lorg/eclipse/jdt/internal/compiler/lookup/TypeBinding;Lorg/eclipse/jdt/internal/com
Event: 16779.722 Thread 0x00000227dc8cfc70 DEOPT PACKING pc=0x00000227ce9a96a8 sp=0x0000007ce7efe100
Event: 16779.722 Thread 0x00000227dc8cfc70 DEOPT UNPACKING pc=0x00000227c61f85ae sp=0x0000007ce7efdfe0 mode 2
Event: 16779.726 Thread 0x00000227dc8cfc70 Uncommon trap: trap_request=0xffffffc6 fr.pc=0x00000227ce41ac88 relative=0x00000000000003e8
Event: 16779.726 Thread 0x00000227dc8cfc70 Uncommon trap: reason=bimorphic_or_optimized_type_check action=maybe_recompile pc=0x00000227ce41ac88 method=org.eclipse.jdt.internal.compiler.lookup.FieldBinding.canBeSeenBy(Lorg/eclipse/jdt/internal/compiler/lookup/TypeBinding;Lorg/eclipse/jdt/internal/c
Event: 16779.726 Thread 0x00000227dc8cfc70 DEOPT PACKING pc=0x00000227ce41ac88 sp=0x0000007ce7efe0d0
Event: 16779.726 Thread 0x00000227dc8cfc70 DEOPT UNPACKING pc=0x00000227c61f85ae sp=0x0000007ce7efe058 mode 2
Event: 16779.726 Thread 0x00000227dc8cfc70 Uncommon trap: trap_request=0xffffffde fr.pc=0x00000227ce9a96a8 relative=0x0000000000000768
Event: 16779.726 Thread 0x00000227dc8cfc70 Uncommon trap: reason=class_check action=maybe_recompile pc=0x00000227ce9a96a8 method=org.eclipse.jdt.internal.compiler.lookup.ImplicitNullAnnotationVerifier.areTypesEqual(Lorg/eclipse/jdt/internal/compiler/lookup/TypeBinding;Lorg/eclipse/jdt/internal/com
Event: 16779.726 Thread 0x00000227dc8cfc70 DEOPT PACKING pc=0x00000227ce9a96a8 sp=0x0000007ce7efddf0
Event: 16779.726 Thread 0x00000227dc8cfc70 DEOPT UNPACKING pc=0x00000227c61f85ae sp=0x0000007ce7efdcd0 mode 2
Event: 16782.054 Thread 0x00000227dc598c20 Uncommon trap: trap_request=0xffffffde fr.pc=0x00000227ce5fb58c relative=0x000000000000086c
Event: 16782.054 Thread 0x00000227dc598c20 Uncommon trap: reason=class_check action=maybe_recompile pc=0x00000227ce5fb58c method=org.eclipse.jdt.internal.compiler.ast.LocalDeclaration.isRecoveredFromLoneIdentifier()Z @ 14 c2
Event: 16782.054 Thread 0x00000227dc598c20 DEOPT PACKING pc=0x00000227ce5fb58c sp=0x0000007ce9bfdae0
Event: 16782.054 Thread 0x00000227dc598c20 DEOPT UNPACKING pc=0x00000227c61f85ae sp=0x0000007ce9bfd9f8 mode 2

Classes unloaded (20 events):
Event: 995.984 Thread 0x00000227d8ce23b0 Unloading class 0x0000000800c8c800 'jdk/internal/reflect/GeneratedMethodAccessor2'
Event: 995.984 Thread 0x00000227d8ce23b0 Unloading class 0x0000000800c8c400 'jdk/internal/reflect/GeneratedMethodAccessor1'
Event: 995.984 Thread 0x00000227d8ce23b0 Unloading class 0x0000000800c1a400 'java/lang/invoke/LambdaForm$DMH+0x0000000800c1a400'
Event: 995.984 Thread 0x00000227d8ce23b0 Unloading class 0x0000000800c19c00 'java/lang/invoke/LambdaForm$DMH+0x0000000800c19c00'
Event: 995.984 Thread 0x00000227d8ce23b0 Unloading class 0x0000000800c02400 'jdk/internal/reflect/GeneratedConstructorAccessor1'
Event: 1307.834 Thread 0x00000227d8ce23b0 Unloading class 0x00000008012ec400 'jdk/internal/reflect/GeneratedConstructorAccessor39'
Event: 3117.988 Thread 0x00000227d8ce23b0 Unloading class 0x0000000800c02400 'jdk/internal/reflect/GeneratedConstructorAccessor55'
Event: 3117.988 Thread 0x00000227d8ce23b0 Unloading class 0x0000000800c19c00 'jdk/internal/reflect/GeneratedConstructorAccessor54'
Event: 4127.288 Thread 0x00000227d8ce23b0 Unloading class 0x0000000800e09000 'jdk/internal/reflect/GeneratedConstructorAccessor56'
Event: 5717.428 Thread 0x00000227d8ce23b0 Unloading class 0x0000000800e25000 'jdk/internal/reflect/GeneratedMethodAccessor16'
Event: 5717.428 Thread 0x00000227d8ce23b0 Unloading class 0x00000008012c0c00 'jdk/internal/reflect/GeneratedSerializationConstructorAccessor4'
Event: 5717.428 Thread 0x00000227d8ce23b0 Unloading class 0x0000000800e61400 'jdk/internal/reflect/GeneratedSerializationConstructorAccessor3'
Event: 5717.428 Thread 0x00000227d8ce23b0 Unloading class 0x0000000800e61000 'jdk/internal/reflect/GeneratedSerializationConstructorAccessor2'
Event: 5717.428 Thread 0x00000227d8ce23b0 Unloading class 0x0000000800e60c00 'jdk/internal/reflect/GeneratedSerializationConstructorAccessor1'
Event: 10306.665 Thread 0x00000227d8ce23b0 Unloading class 0x0000000800c02400 'jdk/internal/reflect/GeneratedSerializationConstructorAccessor8'
Event: 10306.665 Thread 0x00000227d8ce23b0 Unloading class 0x0000000800e60c00 'jdk/internal/reflect/GeneratedSerializationConstructorAccessor7'
Event: 10306.665 Thread 0x00000227d8ce23b0 Unloading class 0x00000008012c0c00 'jdk/internal/reflect/GeneratedSerializationConstructorAccessor6'
Event: 10306.665 Thread 0x00000227d8ce23b0 Unloading class 0x0000000800e25000 'jdk/internal/reflect/GeneratedSerializationConstructorAccessor5'
Event: 10306.665 Thread 0x00000227d8ce23b0 Unloading class 0x00000008012ec800 'jdk/internal/reflect/GeneratedConstructorAccessor40'
Event: 13884.865 Thread 0x00000227d8ce23b0 Unloading class 0x0000000800e79800 'jdk/internal/reflect/GeneratedConstructorAccessor4'

Classes redefined (0 events):
No events

Internal exceptions (20 events):
Event: 16489.138 Thread 0x00000227dc8cc200 Exception <a 'java/lang/ArrayIndexOutOfBoundsException'{0x00000000eac43dd0}: Index 1 out of bounds for length 1> (0x00000000eac43dd0) 
thrown [t:\workspace\open\src\hotspot\share\interpreter\interpreterRuntime.cpp, line 425]
Event: 16489.138 Thread 0x00000227dc8cc200 Exception <a 'java/lang/ArrayIndexOutOfBoundsException'{0x00000000eac44640}: Index 1 out of bounds for length 1> (0x00000000eac44640) 
thrown [t:\workspace\open\src\hotspot\share\interpreter\interpreterRuntime.cpp, line 425]
Event: 16489.138 Thread 0x00000227dc8cc200 Exception <a 'java/lang/ArrayIndexOutOfBoundsException'{0x00000000eac44eb0}> (0x00000000eac44eb0) 
thrown [t:\workspace\open\src\hotspot\share\runtime\sharedRuntime.cpp, line 624]
Event: 16489.138 Thread 0x00000227dc8cc200 Exception <a 'java/lang/ArrayIndexOutOfBoundsException'{0x00000000eac45720}: Index 1 out of bounds for length 1> (0x00000000eac45720) 
thrown [t:\workspace\open\src\hotspot\share\interpreter\interpreterRuntime.cpp, line 425]
Event: 16489.138 Thread 0x00000227dc8cc200 Exception <a 'java/lang/ArrayIndexOutOfBoundsException'{0x00000000eac45f90}: Index 1 out of bounds for length 1> (0x00000000eac45f90) 
thrown [t:\workspace\open\src\hotspot\share\interpreter\interpreterRuntime.cpp, line 425]
Event: 16489.138 Thread 0x00000227dc8cc200 Exception <a 'java/lang/ArrayIndexOutOfBoundsException'{0x00000000eac46800}: Index 1 out of bounds for length 1> (0x00000000eac46800) 
thrown [t:\workspace\open\src\hotspot\share\interpreter\interpreterRuntime.cpp, line 425]
Event: 16489.138 Thread 0x00000227dc8cc200 Exception <a 'java/lang/ArrayIndexOutOfBoundsException'{0x00000000eac47070}: Index 1 out of bounds for length 1> (0x00000000eac47070) 
thrown [t:\workspace\open\src\hotspot\share\interpreter\interpreterRuntime.cpp, line 425]
Event: 16489.138 Thread 0x00000227dc8cc200 Exception <a 'java/lang/ArrayIndexOutOfBoundsException'{0x00000000eac478e0}: Index 1 out of bounds for length 1> (0x00000000eac478e0) 
thrown [t:\workspace\open\src\hotspot\share\interpreter\interpreterRuntime.cpp, line 425]
Event: 16489.138 Thread 0x00000227dc8cc200 Exception <a 'java/lang/ArrayIndexOutOfBoundsException'{0x00000000eac48150}: Index 1 out of bounds for length 1> (0x00000000eac48150) 
thrown [t:\workspace\open\src\hotspot\share\interpreter\interpreterRuntime.cpp, line 425]
Event: 16489.138 Thread 0x00000227dc8cc200 Exception <a 'java/lang/ArrayIndexOutOfBoundsException'{0x00000000eac489c0}: Index 1 out of bounds for length 1> (0x00000000eac489c0) 
thrown [t:\workspace\open\src\hotspot\share\interpreter\interpreterRuntime.cpp, line 425]
Event: 16489.143 Thread 0x00000227dc8cc200 Exception <a 'java/lang/ArrayIndexOutOfBoundsException'{0x00000000eab51728}: Index 1 out of bounds for length 1> (0x00000000eab51728) 
thrown [t:\workspace\open\src\hotspot\share\interpreter\interpreterRuntime.cpp, line 425]
Event: 16489.143 Thread 0x00000227dc8cc200 Exception <a 'java/lang/ArrayIndexOutOfBoundsException'{0x00000000eab51f98}: Index 1 out of bounds for length 1> (0x00000000eab51f98) 
thrown [t:\workspace\open\src\hotspot\share\interpreter\interpreterRuntime.cpp, line 425]
Event: 16489.143 Thread 0x00000227dc8cc200 Exception <a 'java/lang/ArrayIndexOutOfBoundsException'{0x00000000eab52808}> (0x00000000eab52808) 
thrown [t:\workspace\open\src\hotspot\share\runtime\sharedRuntime.cpp, line 624]
Event: 16489.143 Thread 0x00000227dc8cc200 Exception <a 'java/lang/ArrayIndexOutOfBoundsException'{0x00000000eab53078}: Index 1 out of bounds for length 1> (0x00000000eab53078) 
thrown [t:\workspace\open\src\hotspot\share\interpreter\interpreterRuntime.cpp, line 425]
Event: 16489.143 Thread 0x00000227dc8cc200 Exception <a 'java/lang/ArrayIndexOutOfBoundsException'{0x00000000eab538e8}: Index 1 out of bounds for length 1> (0x00000000eab538e8) 
thrown [t:\workspace\open\src\hotspot\share\interpreter\interpreterRuntime.cpp, line 425]
Event: 16489.143 Thread 0x00000227dc8cc200 Exception <a 'java/lang/ArrayIndexOutOfBoundsException'{0x00000000eab54158}: Index 1 out of bounds for length 1> (0x00000000eab54158) 
thrown [t:\workspace\open\src\hotspot\share\interpreter\interpreterRuntime.cpp, line 425]
Event: 16489.143 Thread 0x00000227dc8cc200 Exception <a 'java/lang/ArrayIndexOutOfBoundsException'{0x00000000eab549c8}: Index 1 out of bounds for length 1> (0x00000000eab549c8) 
thrown [t:\workspace\open\src\hotspot\share\interpreter\interpreterRuntime.cpp, line 425]
Event: 16489.143 Thread 0x00000227dc8cc200 Exception <a 'java/lang/ArrayIndexOutOfBoundsException'{0x00000000eab55238}: Index 1 out of bounds for length 1> (0x00000000eab55238) 
thrown [t:\workspace\open\src\hotspot\share\interpreter\interpreterRuntime.cpp, line 425]
Event: 16489.143 Thread 0x00000227dc8cc200 Exception <a 'java/lang/ArrayIndexOutOfBoundsException'{0x00000000eab55aa8}: Index 1 out of bounds for length 1> (0x00000000eab55aa8) 
thrown [t:\workspace\open\src\hotspot\share\interpreter\interpreterRuntime.cpp, line 425]
Event: 16489.143 Thread 0x00000227dc8cc200 Exception <a 'java/lang/ArrayIndexOutOfBoundsException'{0x00000000eab56318}: Index 1 out of bounds for length 1> (0x00000000eab56318) 
thrown [t:\workspace\open\src\hotspot\share\interpreter\interpreterRuntime.cpp, line 425]

Events (20 events):
Event: 16783.594 Executing  VM operation: ParallelGCFailedAllocation done
Event: 16783.597 Executing  VM operation: ParallelGCFailedAllocation
Event: 16783.598 Executing  VM operation: ParallelGCFailedAllocation done
Event: 16783.602 Executing  VM operation: ParallelGCFailedAllocation
Event: 16783.603 Executing  VM operation: ParallelGCFailedAllocation done
Event: 16783.605 Executing  VM operation: ParallelGCFailedAllocation
Event: 16783.606 Executing  VM operation: ParallelGCFailedAllocation done
Event: 16783.608 Executing  VM operation: ParallelGCFailedAllocation
Event: 16783.608 Executing  VM operation: ParallelGCFailedAllocation done
Event: 16783.610 Executing  VM operation: ParallelGCFailedAllocation
Event: 16783.611 Executing  VM operation: ParallelGCFailedAllocation done
Event: 16783.613 Executing  VM operation: ParallelGCFailedAllocation
Event: 16783.614 Executing  VM operation: ParallelGCFailedAllocation done
Event: 16783.874 Executing  VM operation: ParallelGCFailedAllocation
Event: 16783.875 Executing  VM operation: ParallelGCFailedAllocation done
Event: 16783.878 Executing  VM operation: ParallelGCFailedAllocation
Event: 16783.879 Executing  VM operation: ParallelGCFailedAllocation done
Event: 16783.882 Executing  VM operation: ParallelGCFailedAllocation
Event: 16783.883 Executing  VM operation: ParallelGCFailedAllocation done
Event: 16783.885 Executing  VM operation: ParallelGCFailedAllocation


Dynamic libraries:
0x00007ff6daca0000 - 0x00007ff6dacb0000 	C:\Program Files\Java\jdk-16.0.1\bin\java.exe
0x00007ffca7340000 - 0x00007ffca7547000 	C:\WINDOWS\SYSTEM32\ntdll.dll
0x00007ffca5cf0000 - 0x00007ffca5dad000 	C:\WINDOWS\System32\KERNEL32.DLL
0x00007ffca4be0000 - 0x00007ffca4f54000 	C:\WINDOWS\System32\KERNELBASE.dll
0x00007ffca1e00000 - 0x00007ffca1e91000 	C:\WINDOWS\SYSTEM32\apphelp.dll
0x00007ffca48e0000 - 0x00007ffca49f1000 	C:\WINDOWS\System32\ucrtbase.dll
0x00007ffca1040000 - 0x00007ffca1058000 	C:\Program Files\Java\jdk-16.0.1\bin\jli.dll
0x00007ffca03e0000 - 0x00007ffca03f9000 	C:\Program Files\Java\jdk-16.0.1\bin\VCRUNTIME140.dll
0x00007ffca58a0000 - 0x00007ffca594c000 	C:\WINDOWS\System32\ADVAPI32.dll
0x00007ffca6070000 - 0x00007ffca6113000 	C:\WINDOWS\System32\msvcrt.dll
0x00007ffca5570000 - 0x00007ffca560d000 	C:\WINDOWS\System32\sechost.dll
0x00007ffca5f40000 - 0x00007ffca6061000 	C:\WINDOWS\System32\RPCRT4.dll
0x00007ffca53c0000 - 0x00007ffca556c000 	C:\WINDOWS\System32\USER32.dll
0x00007ffca4fe0000 - 0x00007ffca5006000 	C:\WINDOWS\System32\win32u.dll
0x00007ffc8c550000 - 0x00007ffc8c7f5000 	C:\WINDOWS\WinSxS\amd64_microsoft.windows.common-controls_6595b64144ccf1df_6.0.22000.120_none_9d947278b86cc467\COMCTL32.dll
0x00007ffca51d0000 - 0x00007ffca51f9000 	C:\WINDOWS\System32\GDI32.dll
0x00007ffca50b0000 - 0x00007ffca51c2000 	C:\WINDOWS\System32\gdi32full.dll
0x00007ffca5010000 - 0x00007ffca50ad000 	C:\WINDOWS\System32\msvcp_win.dll
0x00007ffc9ea90000 - 0x00007ffc9ea9a000 	C:\WINDOWS\SYSTEM32\VERSION.dll
0x00007ffca5620000 - 0x00007ffca5651000 	C:\WINDOWS\System32\IMM32.DLL
0x00007ffca1d00000 - 0x00007ffca1d0c000 	C:\Program Files\Java\jdk-16.0.1\bin\vcruntime140_1.dll
0x00007ffc67ac0000 - 0x00007ffc67b51000 	C:\Program Files\Java\jdk-16.0.1\bin\msvcp140.dll
0x00007ffc1e600000 - 0x00007ffc1f1ab000 	C:\Program Files\Java\jdk-16.0.1\bin\server\jvm.dll
0x00007ffca5610000 - 0x00007ffca5618000 	C:\WINDOWS\System32\PSAPI.DLL
0x00007ffc8a120000 - 0x00007ffc8a129000 	C:\WINDOWS\SYSTEM32\WSOCK32.dll
0x00007ffc91320000 - 0x00007ffc91353000 	C:\WINDOWS\SYSTEM32\WINMM.dll
0x00007ffca5ec0000 - 0x00007ffca5f2f000 	C:\WINDOWS\System32\WS2_32.dll
0x00007ffca3930000 - 0x00007ffca3948000 	C:\WINDOWS\SYSTEM32\kernel.appcore.dll
0x00007ffca1030000 - 0x00007ffca103a000 	C:\Program Files\Java\jdk-16.0.1\bin\jimage.dll
0x00007ffc9cf90000 - 0x00007ffc9d1b1000 	C:\WINDOWS\SYSTEM32\DBGHELP.DLL
0x00007ffc870d0000 - 0x00007ffc87101000 	C:\WINDOWS\SYSTEM32\dbgcore.DLL
0x00007ffca4f60000 - 0x00007ffca4fe0000 	C:\WINDOWS\System32\bcryptPrimitives.dll
0x00007ffc8dd10000 - 0x00007ffc8dd35000 	C:\Program Files\Java\jdk-16.0.1\bin\java.dll
0x00007ffca6a40000 - 0x00007ffca71e9000 	C:\WINDOWS\System32\SHELL32.dll
0x00007ffca29b0000 - 0x00007ffca3212000 	C:\WINDOWS\SYSTEM32\windows.storage.dll
0x00007ffca5970000 - 0x00007ffca5ce8000 	C:\WINDOWS\System32\combase.dll
0x00007ffca2840000 - 0x00007ffca29a6000 	C:\WINDOWS\SYSTEM32\wintypes.dll
0x00007ffca68f0000 - 0x00007ffca69da000 	C:\WINDOWS\System32\SHCORE.dll
0x00007ffca5db0000 - 0x00007ffca5e0d000 	C:\WINDOWS\System32\shlwapi.dll
0x00007ffca4750000 - 0x00007ffca4771000 	C:\WINDOWS\SYSTEM32\profapi.dll
0x00007ffc8bc80000 - 0x00007ffc8bc99000 	C:\Program Files\Java\jdk-16.0.1\bin\net.dll
0x00007ffc9e8f0000 - 0x00007ffc9e9fc000 	C:\WINDOWS\SYSTEM32\WINHTTP.dll
0x00007ffca3d40000 - 0x00007ffca3da7000 	C:\WINDOWS\system32\mswsock.dll
0x00007ffc8bc60000 - 0x00007ffc8bc73000 	C:\Program Files\Java\jdk-16.0.1\bin\nio.dll
0x00007ffc8bc40000 - 0x00007ffc8bc58000 	C:\Program Files\Java\jdk-16.0.1\bin\zip.dll
0x00007ffca3f80000 - 0x00007ffca3f98000 	C:\WINDOWS\SYSTEM32\CRYPTSP.dll
0x00007ffca3890000 - 0x00007ffca38c5000 	C:\WINDOWS\system32\rsaenh.dll
0x00007ffca3e30000 - 0x00007ffca3e59000 	C:\WINDOWS\SYSTEM32\USERENV.dll
0x00007ffca40f0000 - 0x00007ffca4117000 	C:\WINDOWS\SYSTEM32\bcrypt.dll
0x00007ffca4140000 - 0x00007ffca414c000 	C:\WINDOWS\SYSTEM32\CRYPTBASE.dll
0x00007ffca3470000 - 0x00007ffca349d000 	C:\WINDOWS\SYSTEM32\IPHLPAPI.DLL
0x00007ffca5750000 - 0x00007ffca5759000 	C:\WINDOWS\System32\NSI.dll
0x00007ffc9eac0000 - 0x00007ffc9ead9000 	C:\WINDOWS\SYSTEM32\dhcpcsvc6.DLL
0x00007ffc9eb50000 - 0x00007ffc9eb6e000 	C:\WINDOWS\SYSTEM32\dhcpcsvc.DLL
0x00007ffca34a0000 - 0x00007ffca3587000 	C:\WINDOWS\SYSTEM32\DNSAPI.dll
0x00007ffc8bdb0000 - 0x00007ffc8bdee000 	C:\Users\Damian\AppData\Roaming\Code\User\globalStorage\redhat.java\0.81.0\config_win\org.eclipse.equinox.launcher\org.eclipse.equinox.launcher.win32.win32.x86_64_1.2.300.v20210622-1446\eclipse_11503.dll
0x00007ffca1120000 - 0x00007ffca1130000 	C:\Program Files\Java\jdk-16.0.1\bin\verify.dll
0x00007ffc9c470000 - 0x00007ffc9c481000 	C:\Users\Damian\AppData\Roaming\Code\User\globalStorage\redhat.java\0.81.0\config_win\org.eclipse.osgi\22\0\.cp\jWinHttp-1.0.0.dll
0x00007ffca6750000 - 0x00007ffca68ea000 	C:\WINDOWS\System32\ole32.dll

dbghelp: loaded successfully - version: 4.0.5 - missing functions: none
symbol engine: initialized successfully - sym options: 0x614 - pdb path: .;C:\Program Files\Java\jdk-16.0.1\bin;C:\WINDOWS\SYSTEM32;C:\WINDOWS\WinSxS\amd64_microsoft.windows.common-controls_6595b64144ccf1df_6.0.22000.120_none_9d947278b86cc467;C:\Program Files\Java\jdk-16.0.1\bin\server;C:\Users\Damian\AppData\Roaming\Code\User\globalStorage\redhat.java\0.81.0\config_win\org.eclipse.equinox.launcher\org.eclipse.equinox.launcher.win32.win32.x86_64_1.2.300.v20210622-1446;C:\Users\Damian\AppData\Roaming\Code\User\globalStorage\redhat.java\0.81.0\config_win\org.eclipse.osgi\22\0\.cp

VM Arguments:
jvm_args: --add-modules=ALL-SYSTEM --add-opens=java.base/java.util=ALL-UNNAMED --add-opens=java.base/java.lang=ALL-UNNAMED -Declipse.application=org.eclipse.jdt.ls.core.id1 -Dosgi.bundles.defaultStartLevel=4 -Declipse.product=org.eclipse.jdt.ls.core.product -Dfile.encoding=utf8 -DwatchParentProcess=false -XX:+UseParallelGC -XX:GCTimeRatio=4 -XX:AdaptiveSizePolicyWeight=90 -Dsun.zip.disableMemoryMapping=true -Xmx1G -Xms100m 
java_command: c:\Users\Damian\.vscode\extensions\redhat.java-0.81.0\server\plugins\org.eclipse.equinox.launcher_1.6.200.v20210416-2027.jar -configuration c:\Users\Damian\AppData\Roaming\Code\User\globalStorage\redhat.java\0.81.0\config_win -data c:\Users\Damian\AppData\Roaming\Code\User\workspaceStorage\62b3db866241590d49bf9a39fe4a0db2\redhat.java\jdt_ws
java_class_path (initial): c:\Users\Damian\.vscode\extensions\redhat.java-0.81.0\server\plugins\org.eclipse.equinox.launcher_1.6.200.v20210416-2027.jar
Launcher Type: SUN_STANDARD

[Global flags]
    uintx AdaptiveSizePolicyWeight                 = 90                                        {product} {command line}
     intx CICompilerCount                          = 12                                        {product} {ergonomic}
    uintx GCTimeRatio                              = 4                                         {product} {command line}
   size_t InitialHeapSize                          = 104857600                                 {product} {command line}
   size_t MaxHeapSize                              = 1073741824                                {product} {command line}
   size_t MaxNewSize                               = 357564416                                 {product} {ergonomic}
   size_t MinHeapDeltaBytes                        = 524288                                    {product} {ergonomic}
   size_t MinHeapSize                              = 104857600                                 {product} {command line}
   size_t NewSize                                  = 34603008                                  {product} {ergonomic}
    uintx NonNMethodCodeHeapSize                   = 7602480                                {pd product} {ergonomic}
    uintx NonProfiledCodeHeapSize                  = 122027880                              {pd product} {ergonomic}
   size_t OldSize                                  = 70254592                                  {product} {ergonomic}
    uintx ProfiledCodeHeapSize                     = 122027880                              {pd product} {ergonomic}
    uintx ReservedCodeCacheSize                    = 251658240                              {pd product} {ergonomic}
     bool SegmentedCodeCache                       = true                                      {product} {ergonomic}
   size_t SoftMaxHeapSize                          = 1073741824                             {manageable} {ergonomic}
     bool UseCompressedClassPointers               = true                           {product lp64_product} {ergonomic}
     bool UseCompressedOops                        = true                           {product lp64_product} {ergonomic}
     bool UseLargePagesIndividualAllocation        = false                                  {pd product} {ergonomic}
     bool UseParallelGC                            = true                                      {product} {command line}

Logging:
Log output configuration:
 #0: stdout all=warning uptime,level,tags
 #1: stderr all=off uptime,level,tags

Environment Variables:
PATH=C:\Program Files (x86)\VMware\VMware Player\bin\;C:\WINDOWS\system32;C:\WINDOWS;C:\WINDOWS\System32\Wbem;C:\WINDOWS\System32\WindowsPowerShell\v1.0\;C:\WINDOWS\System32\OpenSSH\;C:\Program Files (x86)\NVIDIA Corporation\PhysX\Common;C:\Program Files\NVIDIA Corporation\NVIDIA NvDLISR;C:\Program Files\Git\cmd;C:\Users\Damian\AppData\Local\Microsoft\WindowsApps;C:\Users\Damian\AppData\Local\Programs\Microsoft VS Code\bin;C:\Users\Damian\AppData\Local\GitHubDesktop\bin
USERNAME=Damian
OS=Windows_NT
PROCESSOR_IDENTIFIER=Intel64 Family 6 Model 167 Stepping 1, GenuineIntel



---------------  S Y S T E M  ---------------

OS:
 Windows 10 , 64 bit Build 22000 (10.0.22000.120)
OS uptime: 0 days 14:12 hours

CPU: total 16 (initial active 16) (8 cores per cpu, 2 threads per core) family 6 model 167 stepping 1 microcode 0x3c, cx8, cmov, fxsr, ht, mmx, 3dnowpref, sse, sse2, sse3, ssse3, sse4.1, sse4.2, popcnt, lzcnt, tsc, tscinvbit, avx, avx2, aes, erms, clmul, bmi1, bmi2, adx, avx512f, avx512dq, avx512cd, avx512bw, avx512vl, sha, fma, vzeroupper, avx512_vpopcntdq, avx512_vpclmulqdq, avx512_vaes, avx512_vnni, clflush, clflushopt, avx512_vmbi2, avx512_vmbi

Memory: 4k page, system-wide physical 32596M (21967M free)
TotalPageFile size 37460M (AvailPageFile size 20928M)
current process WorkingSet (physical memory assigned to process): 464M, peak: 486M
current process commit charge ("private bytes"): 488M, peak: 517M

vm_info: Java HotSpot(TM) 64-Bit Server VM (16.0.1+9-24) for windows-amd64 JRE (16.0.1+9-24), built on Mar 26 2021 19:31:42 by "mach5one" with MS VC++ 16.7 (VS2019)

END.
