#
# A fatal error has been detected by the Java Runtime Environment:
#
#  EXCEPTION_ACCESS_VIOLATION (0xc0000005) at pc=0x00007ffca03e12de, pid=10208, tid=18788
#
# JRE version: Java(TM) SE Runtime Environment (16.0.1+9) (build 16.0.1+9-24)
# Java VM: Java HotSpot(TM) 64-Bit Server VM (16.0.1+9-24, mixed mode, sharing, tiered, compressed oops, compressed class ptrs, parallel gc, windows-amd64)
# Problematic frame:
# C  [VCRUNTIME140.dll+0x12de]
#
# No core dump will be written. Minidumps are not enabled by default on client versions of Windows
#
# If you would like to submit a bug report, please visit:
#   https://bugreport.java.com/bugreport/crash.jsp
#

---------------  S U M M A R Y ------------

Command Line: --add-modules=ALL-SYSTEM --add-opens=java.base/java.util=ALL-UNNAMED --add-opens=java.base/java.lang=ALL-UNNAMED -Declipse.application=org.eclipse.jdt.ls.core.id1 -Dosgi.bundles.defaultStartLevel=4 -Declipse.product=org.eclipse.jdt.ls.core.product -Dfile.encoding=utf8 -DwatchParentProcess=false -XX:+UseParallelGC -XX:GCTimeRatio=4 -XX:AdaptiveSizePolicyWeight=90 -Dsun.zip.disableMemoryMapping=true -Xmx1G -Xms100m c:\Users\Damian\.vscode\extensions\redhat.java-0.81.0\server\plugins\org.eclipse.equinox.launcher_1.6.200.v20210416-2027.jar -configuration c:\Users\Damian\AppData\Roaming\Code\User\globalStorage\redhat.java\0.81.0\config_win -data c:\Users\Damian\AppData\Roaming\Code\User\workspaceStorage\62b3db866241590d49bf9a39fe4a0db2\redhat.java\jdt_ws

Host: 11th Gen Intel(R) Core(TM) i9-11900K @ 3.50GHz, 16 cores, 31G,  Windows 10 , 64 bit Build 22000 (10.0.22000.120)
Time: Sun Aug 29 02:41:32 2021 Eastern Daylight Time elapsed time: 12065.046880 seconds (0d 3h 21m 5s)

---------------  T H R E A D  ---------------

Current thread (0x000001b0842d0dc0):  GCTaskThread "GC Thread#11" [stack: 0x000000750bc00000,0x000000750bd00000] [id=18788]

Stack: [0x000000750bc00000,0x000000750bd00000],  sp=0x000000750bcff708,  free space=1021k
Native frames: (J=compiled Java code, j=interpreted, Vv=VM code, C=native code)
C  [VCRUNTIME140.dll+0x12de]
V  [jvm.dll+0x6a5ce2]
V  [jvm.dll+0x6a68fa]
V  [jvm.dll+0x6a92e9]
V  [jvm.dll+0x6a9700]
V  [jvm.dll+0x7f844b]
V  [jvm.dll+0x779b4a]
V  [jvm.dll+0x667666]
C  [ucrtbase.dll+0x26c0c]
C  [KERNEL32.DLL+0x154e0]
C  [ntdll.dll+0x485b]


siginfo: EXCEPTION_ACCESS_VIOLATION (0xc0000005), reading address 0x00000000eb380000


Register to memory mapping:

RIP=0x00007ffca03e12de VCRUNTIME140.dll
RAX=0x00000000c8e72c78 points into unknown readable memory: 0x0000006f424f2409 | 09 24 4f 42 6f 00 00 00
RBX=0x00000000c8e72c78 points into unknown readable memory: 0x0000006f424f2409 | 09 24 4f 42 6f 00 00 00
RCX=0x0000000000e20650 is an unknown value
RDX=0x000000002236c3a8 is an unknown value
RSP=0x000000750bcff708 points into unknown readable memory: 0x0000000000000001 | 01 00 00 00 00 00 00 00
RBP=0x000000750bcff789 points into unknown readable memory: 00 00 00 00 00 00 00
RSI=0x00000000eb380000 is an unallocated location in the heap
RDI=0x00000000c9013c58 points into unknown readable memory: 0x0000000000000000 | 00 00 00 00 00 00 00 00
R8 =0x0000000000fc1630 is an unknown value
R9 =0x000001b0e41411e0 points into unknown readable memory: 0x00007ffc1ef2e158 | 58 e1 f2 1e fc 7f 00 00
R10=0x00000000eb1df020 points into unknown readable memory: 0x0000006f424f2409 | 09 24 4f 42 6f 00 00 00
R11=0x00000000c8e72c78 points into unknown readable memory: 0x0000006f424f2409 | 09 24 4f 42 6f 00 00 00
R12=0x0000000000fc1630 is an unknown value
R13=0x0000000000000001 is an unknown value
R14=0x00000000eb1df020 points into unknown readable memory: 0x0000006f424f2409 | 09 24 4f 42 6f 00 00 00
R15=0x000001b0fca96800 points into unknown readable memory: 0x00007ffc1ef3e170 | 70 e1 f3 1e fc 7f 00 00


Registers:
RAX=0x00000000c8e72c78, RBX=0x00000000c8e72c78, RCX=0x0000000000e20650, RDX=0x000000002236c3a8
RSP=0x000000750bcff708, RBP=0x000000750bcff789, RSI=0x00000000eb380000, RDI=0x00000000c9013c58
R8 =0x0000000000fc1630, R9 =0x000001b0e41411e0, R10=0x00000000eb1df020, R11=0x00000000c8e72c78
R12=0x0000000000fc1630, R13=0x0000000000000001, R14=0x00000000eb1df020, R15=0x000001b0fca96800
RIP=0x00007ffca03e12de, EFLAGS=0x0000000000010202

Top of Stack: (sp=0x000000750bcff708)
0x000000750bcff708:   0000000000000001 00000000001f82c6
0x000000750bcff718:   00007ffc1eca5ce2 00000000c8e31c68
0x000000750bcff728:   0000000000000004 000000750bcff7d9
0x000000750bcff738:   000000750bcff740 00007ffc1ef3d340
0x000000750bcff748:   000001b0e413f170 000001b0fca96800
0x000000750bcff758:   0000000000000000 00000000c8e2fd00
0x000000750bcff768:   0000000000000400 0000000000000000
0x000000750bcff778:   0000000000000000 0000000000000000
0x000000750bcff788:   0000000000000000 000000750bcff800
0x000000750bcff798:   000001b081f39c70 00000000c8e2fd00
0x000000750bcff7a8:   0000000000000400 000000000000000c
0x000000750bcff7b8:   0000007508fff290 0000000000000010
0x000000750bcff7c8:   0000000000000000 000001b0fca96800
0x000000750bcff7d8:   00000000c8e31bbc 0000000000000000
0x000000750bcff7e8:   00007ffc1eca68fa 00000000c8e31bbd
0x000000750bcff7f8:   0000006f424f2409 0000007508fff398 

Instructions: (pc=0x00007ffca03e12de)
0x00007ffca03e11de:   cc cc cc cc cc cc cc cc 66 66 0f 1f 84 00 00 00
0x00007ffca03e11ee:   00 00 48 2b d1 49 83 f8 08 72 22 f6 c1 07 74 14
0x00007ffca03e11fe:   66 90 8a 01 3a 04 11 75 2c 48 ff c1 49 ff c8 f6
0x00007ffca03e120e:   c1 07 75 ee 4d 8b c8 49 c1 e9 03 75 1f 4d 85 c0
0x00007ffca03e121e:   74 0f 8a 01 3a 04 11 75 0c 48 ff c1 49 ff c8 75
0x00007ffca03e122e:   f1 48 33 c0 c3 1b c0 83 d8 ff c3 90 49 c1 e9 02
0x00007ffca03e123e:   74 37 48 8b 01 48 3b 04 11 75 5b 48 8b 41 08 48
0x00007ffca03e124e:   3b 44 11 08 75 4c 48 8b 41 10 48 3b 44 11 10 75
0x00007ffca03e125e:   3d 48 8b 41 18 48 3b 44 11 18 75 2e 48 83 c1 20
0x00007ffca03e126e:   49 ff c9 75 cd 49 83 e0 1f 4d 8b c8 49 c1 e9 03
0x00007ffca03e127e:   74 9b 48 8b 01 48 3b 04 11 75 1b 48 83 c1 08 49
0x00007ffca03e128e:   ff c9 75 ee 49 83 e0 07 eb 83 48 83 c1 08 48 83
0x00007ffca03e129e:   c1 08 48 83 c1 08 48 8b 0c 0a 48 0f c8 48 0f c9
0x00007ffca03e12ae:   48 3b c1 1b c0 83 d8 ff c3 cc cc cc cc cc cc cc
0x00007ffca03e12be:   cc cc cc cc cc cc cc cc 66 66 0f 1f 84 00 00 00
0x00007ffca03e12ce:   00 00 57 56 49 8b c3 48 8b f9 49 8b c8 49 8b f2
0x00007ffca03e12de:   f3 a4 5e 5f c3 cc cc cc cc cc cc 0f 1f 80 00 00
0x00007ffca03e12ee:   00 00 4c 8b d9 4c 8b d2 49 83 f8 10 76 54 49 83
0x00007ffca03e12fe:   f8 20 76 2e 48 2b d1 73 0d 4b 8d 04 10 48 3b c8
0x00007ffca03e130e:   0f 82 dc 02 00 00 49 81 f8 80 00 00 00 0f 86 0f
0x00007ffca03e131e:   02 00 00 f6 05 94 30 01 00 02 0f 84 52 01 00 00
0x00007ffca03e132e:   eb a0 0f 10 02 42 0f 10 4c 02 f0 0f 11 01 42 0f
0x00007ffca03e133e:   11 4c 01 f0 48 8b c1 c3 66 66 0f 1f 84 00 00 00
0x00007ffca03e134e:   00 00 48 8b c1 4c 8d 0d a6 ec ff ff 43 8b 8c 81
0x00007ffca03e135e:   00 60 01 00 49 03 c9 ff e1 66 0f 1f 84 00 00 00
0x00007ffca03e136e:   00 00 c3 0f b7 0a 66 89 08 c3 48 8b 0a 48 89 08
0x00007ffca03e137e:   c3 0f b7 0a 44 0f b6 42 02 66 89 08 44 88 40 02
0x00007ffca03e138e:   c3 0f b6 0a 88 08 c3 f3 0f 6f 02 f3 0f 7f 00 c3
0x00007ffca03e139e:   66 90 4c 8b 02 0f b7 4a 08 44 0f b6 4a 0a 4c 89
0x00007ffca03e13ae:   00 66 89 48 08 44 88 48 0a c3 8b 0a 89 08 c3 0f
0x00007ffca03e13be:   1f 00 8b 0a 44 0f b6 42 04 89 08 44 88 40 04 c3
0x00007ffca03e13ce:   66 90 8b 0a 44 0f b7 42 04 89 08 66 44 89 40 04 


Stack slot to memory mapping:
stack at sp + 0 slots: 0x0000000000000001 is an unknown value
stack at sp + 1 slots: 2065094 is a compressed pointer to class: 0x0000000800fc1630
org.eclipse.jdt.internal.compiler.ISourceElementRequestor$TypeInfo {0x0000000800fc1638}
stack at sp + 2 slots: 0x00007ffc1eca5ce2 jvm.dll
stack at sp + 3 slots: 
[error occurred during error reporting (inspecting top of stack), id 0xc0000005, EXCEPTION_ACCESS_VIOLATION (0xc0000005) at pc=0x00007ffc1ec74e33]


---------------  P R O C E S S  ---------------

Threads class SMR info:
_java_thread_list=0x000001b096450620, length=42, elements={
0x000001b0e412f190, 0x000001b0fe3736c0, 0x000001b0fca9d0d0, 0x000001b0fe386590,
0x000001b0fe3890a0, 0x000001b0fe389aa0, 0x000001b0fe38d4c0, 0x000001b0fe38e2a0,
0x000001b0fe391540, 0x000001b0fe391f80, 0x000001b0fe4e2fa0, 0x000001b0fe5b42f0,
0x000001b080b039f0, 0x000001b080e12350, 0x000001b080bc3bf0, 0x000001b080d9c420,
0x000001b081d423b0, 0x000001b081f391d0, 0x000001b081f381e0, 0x000001b081f3b1b0,
0x000001b081f39c70, 0x000001b085bd37c0, 0x000001b085bd3d10, 0x000001b085bd57a0,
0x000001b0852052b0, 0x000001b085203d70, 0x000001b09035b320, 0x000001b09035b870,
0x000001b09035c860, 0x000001b085204810, 0x000001b085208d20, 0x000001b0852077e0,
0x000001b081f3ac60, 0x000001b09035c310, 0x000001b090357e00, 0x000001b090358350,
0x000001b085bd6240, 0x000001b08520a7b0, 0x000001b08520ad00, 0x000001b0852097c0,
0x000001b085205d50, 0x000001b0903588a0
}

Java Threads: ( => current thread )
  0x000001b0e412f190 JavaThread "main" [_thread_blocked, id=20252, stack(0x0000007508d00000,0x0000007508e00000)]
  0x000001b0fe3736c0 JavaThread "Reference Handler" daemon [_thread_blocked, id=19688, stack(0x0000007509000000,0x0000007509100000)]
  0x000001b0fca9d0d0 JavaThread "Finalizer" daemon [_thread_blocked, id=9880, stack(0x0000007509100000,0x0000007509200000)]
  0x000001b0fe386590 JavaThread "Signal Dispatcher" daemon [_thread_blocked, id=19352, stack(0x0000007509200000,0x0000007509300000)]
  0x000001b0fe3890a0 JavaThread "Attach Listener" daemon [_thread_blocked, id=5380, stack(0x0000007509300000,0x0000007509400000)]
  0x000001b0fe389aa0 JavaThread "Service Thread" daemon [_thread_blocked, id=14932, stack(0x0000007509400000,0x0000007509500000)]
  0x000001b0fe38d4c0 JavaThread "Monitor Deflation Thread" daemon [_thread_blocked, id=16536, stack(0x0000007509500000,0x0000007509600000)]
  0x000001b0fe38e2a0 JavaThread "C2 CompilerThread0" daemon [_thread_blocked, id=19840, stack(0x0000007509600000,0x0000007509700000)]
  0x000001b0fe391540 JavaThread "C1 CompilerThread0" daemon [_thread_blocked, id=5464, stack(0x0000007509700000,0x0000007509800000)]
  0x000001b0fe391f80 JavaThread "Sweeper thread" daemon [_thread_blocked, id=18356, stack(0x0000007509800000,0x0000007509900000)]
  0x000001b0fe4e2fa0 JavaThread "Common-Cleaner" daemon [_thread_blocked, id=5108, stack(0x0000007509a00000,0x0000007509b00000)]
  0x000001b0fe5b42f0 JavaThread "Notification Thread" daemon [_thread_blocked, id=1376, stack(0x0000007509f00000,0x000000750a000000)]
  0x000001b080b039f0 JavaThread "Active Thread: Equinox Container: 9fd638de-67f9-4549-b970-9aeb194022bd" [_thread_blocked, id=15324, stack(0x000000750a100000,0x000000750a200000)]
  0x000001b080e12350 JavaThread "Framework Event Dispatcher: Equinox Container: 9fd638de-67f9-4549-b970-9aeb194022bd" daemon [_thread_blocked, id=2948, stack(0x000000750a500000,0x000000750a600000)]
  0x000001b080bc3bf0 JavaThread "Start Level: Equinox Container: 9fd638de-67f9-4549-b970-9aeb194022bd" daemon [_thread_blocked, id=15300, stack(0x000000750a600000,0x000000750a700000)]
  0x000001b080d9c420 JavaThread "SCR Component Actor" daemon [_thread_blocked, id=9420, stack(0x000000750a700000,0x000000750a800000)]
  0x000001b081d423b0 JavaThread "Bundle File Closer" daemon [_thread_blocked, id=19820, stack(0x000000750a900000,0x000000750aa00000)]
  0x000001b081f391d0 JavaThread "Worker-JM" [_thread_blocked, id=10992, stack(0x000000750aa00000,0x000000750ab00000)]
  0x000001b081f381e0 JavaThread "Java indexing" daemon [_thread_blocked, id=11404, stack(0x000000750b000000,0x000000750b100000)]
  0x000001b081f3b1b0 JavaThread "logback configurator timer" daemon [_thread_blocked, id=19944, stack(0x000000750b500000,0x000000750b600000)]
  0x000001b081f39c70 JavaThread "pool-2-thread-1" [_thread_blocked, id=19020, stack(0x000000750b700000,0x000000750b800000)]
  0x000001b085bd37c0 JavaThread "Java Debug Server" daemon [_thread_in_native, id=10964, stack(0x000000750b900000,0x000000750ba00000)]
  0x000001b085bd3d10 JavaThread "RxSchedulerPurge-1" daemon [_thread_blocked, id=12788, stack(0x000000750d000000,0x000000750d100000)]
  0x000001b085bd57a0 JavaThread "RxCachedWorkerPoolEvictor-1" daemon [_thread_blocked, id=15856, stack(0x000000750d100000,0x000000750d200000)]
  0x000001b0852052b0 JavaThread "ForkJoinPool.commonPool-worker-23" daemon [_thread_blocked, id=14120, stack(0x000000750af00000,0x000000750b000000)]
  0x000001b085203d70 JavaThread "ForkJoinPool.commonPool-worker-3" daemon [_thread_blocked, id=19132, stack(0x000000750b800000,0x000000750b900000)]
  0x000001b09035b320 JavaThread "ForkJoinPool.commonPool-worker-21" daemon [_thread_blocked, id=21100, stack(0x0000007508b00000,0x0000007508c00000)]
  0x000001b09035b870 JavaThread "ForkJoinPool.commonPool-worker-5" daemon [_thread_blocked, id=19808, stack(0x0000007508c00000,0x0000007508d00000)]
  0x000001b09035c860 JavaThread "ForkJoinPool.commonPool-worker-11" daemon [_thread_blocked, id=3664, stack(0x000000750a800000,0x000000750a900000)]
  0x000001b085204810 JavaThread "ForkJoinPool.commonPool-worker-7" daemon [_thread_blocked, id=19652, stack(0x0000007509900000,0x0000007509a00000)]
  0x000001b085208d20 JavaThread "ForkJoinPool.commonPool-worker-25" daemon [_thread_blocked, id=5896, stack(0x0000007509c00000,0x0000007509d00000)]
  0x000001b0852077e0 JavaThread "ForkJoinPool.commonPool-worker-27" daemon [_thread_blocked, id=20096, stack(0x000000750ab00000,0x000000750ac00000)]
  0x000001b081f3ac60 JavaThread "ForkJoinPool.commonPool-worker-29" daemon [_thread_blocked, id=5756, stack(0x0000007508a00000,0x0000007508b00000)]
  0x000001b09035c310 JavaThread "ForkJoinPool.commonPool-worker-15" daemon [_thread_blocked, id=8804, stack(0x0000007509b00000,0x0000007509c00000)]
  0x000001b090357e00 JavaThread "ForkJoinPool.commonPool-worker-1" daemon [_thread_blocked, id=7328, stack(0x0000007509d00000,0x0000007509e00000)]
  0x000001b090358350 JavaThread "ForkJoinPool.commonPool-worker-13" daemon [_thread_blocked, id=3020, stack(0x000000750ba00000,0x000000750bb00000)]
  0x000001b085bd6240 JavaThread "ForkJoinPool.commonPool-worker-17" daemon [_thread_blocked, id=23188, stack(0x000000750b600000,0x000000750b700000)]
  0x000001b08520a7b0 JavaThread "ForkJoinPool.commonPool-worker-9" daemon [_thread_blocked, id=12944, stack(0x0000007509e00000,0x0000007509f00000)]
  0x000001b08520ad00 JavaThread "Worker-52" [_thread_blocked, id=7320, stack(0x000000750bf00000,0x000000750c000000)]
  0x000001b0852097c0 JavaThread "ForkJoinPool.commonPool-worker-31" daemon [_thread_blocked, id=13588, stack(0x000000750ae00000,0x000000750af00000)]
  0x000001b085205d50 JavaThread "Worker-57" [_thread_blocked, id=20352, stack(0x000000750be00000,0x000000750bf00000)]
  0x000001b0903588a0 JavaThread "Worker-59: Publish Diagnostics" [_thread_blocked, id=23364, stack(0x000000750c000000,0x000000750c100000)]

Other Threads:
  0x000001b0fe3727b0 VMThread "VM Thread" [stack: 0x0000007508f00000,0x0000007509000000] [id=19656]
  0x000001b0fe5ce000 WatcherThread [stack: 0x000000750a000000,0x000000750a100000] [id=8004]
  0x000001b0e4148270 GCTaskThread "GC Thread#0" [stack: 0x0000007508e00000,0x0000007508f00000] [id=20424]
  0x000001b080b3b590 GCTaskThread "GC Thread#1" [stack: 0x000000750a200000,0x000000750a300000] [id=10860]
  0x000001b08093e940 GCTaskThread "GC Thread#2" [stack: 0x000000750a300000,0x000000750a400000] [id=4188]
  0x000001b080b0f7d0 GCTaskThread "GC Thread#3" [stack: 0x000000750a400000,0x000000750a500000] [id=20196]
  0x000001b081fae0c0 GCTaskThread "GC Thread#4" [stack: 0x000000750ac00000,0x000000750ad00000] [id=20404]
  0x000001b081fae3d0 GCTaskThread "GC Thread#5" [stack: 0x000000750ad00000,0x000000750ae00000] [id=19552]
  0x000001b0820d05c0 GCTaskThread "GC Thread#6" [stack: 0x000000750b100000,0x000000750b200000] [id=15816]
  0x000001b0822e9bc0 GCTaskThread "GC Thread#7" [stack: 0x000000750b200000,0x000000750b300000] [id=15148]
  0x000001b0822e9ed0 GCTaskThread "GC Thread#8" [stack: 0x000000750b300000,0x000000750b400000] [id=7252]
  0x000001b0822ea1e0 GCTaskThread "GC Thread#9" [stack: 0x000000750b400000,0x000000750b500000] [id=15416]
  0x000001b083dd6d20 GCTaskThread "GC Thread#10" [stack: 0x000000750bb00000,0x000000750bc00000] [id=5584]
=>0x000001b0842d0dc0 GCTaskThread "GC Thread#11" [stack: 0x000000750bc00000,0x000000750bd00000] [id=18788]
  0x000001b0836246f0 GCTaskThread "GC Thread#12" [stack: 0x000000750bd00000,0x000000750be00000] [id=18172]

Threads with active compile tasks:

VM state: at safepoint (normal execution)

VM Mutex/Monitor currently owned by a thread:  ([mutex/lock_event])
[0x000001b0e412b750] Threads_lock - owner thread: 0x000001b0fe3727b0
[0x000001b0e412d7b0] Heap_lock - owner thread: 0x000001b0903588a0

Heap address: 0x00000000c0000000, size: 1024 MB, Compressed Oops mode: 32-bit

CDS archive(s) mapped at: [0x0000000800000000-0x0000000800bb0000-0x0000000800bb0000), size 12255232, SharedBaseAddress: 0x0000000800000000, ArchiveRelocationMode: 0.
Compressed class space mapped at: 0x0000000800c00000-0x0000000840c00000, reserved size: 1073741824
Narrow klass base: 0x0000000800000000, Narrow klass shift: 3, Narrow klass range: 0x100000000

GC Precious Log:
 CPUs: 16 total, 16 available
 Memory: 32596M
 Large Page Support: Disabled
 NUMA Support: Disabled
 Compressed Oops: Enabled (32-bit)
 Alignments: Space 512K, Generation 512K, Heap 2M
 Heap Min Capacity: 100M
 Heap Initial Capacity: 100M
 Heap Max Capacity: 1G
 Pre-touch: Disabled
 Parallel Workers: 13

Heap:
 PSYoungGen      total 6656K, used 6324K [0x00000000eab00000, 0x00000000eb380000, 0x0000000100000000)
  eden space 4608K, 100% used [0x00000000eab00000,0x00000000eaf80000,0x00000000eaf80000)
  from space 2048K, 83% used [0x00000000eb180000,0x00000000eb32d140,0x00000000eb380000)
  to   space 2048K, 78% used [0x00000000eaf80000,0x00000000eb110000,0x00000000eb180000)
 ParOldGen       total 181760K, used 178522K [0x00000000c0000000, 0x00000000cb180000, 0x00000000eab00000)
  object space 181760K, 98% used [0x00000000c0000000,0x00000000cae56b48,0x00000000cb180000)
 Metaspace       used 80387K, committed 81280K, reserved 1130496K
  class space    used 7471K, committed 7872K, reserved 1048576K

Card table byte_map: [0x000001b0e3ae0000,0x000001b0e3cf0000] _byte_map_base: 0x000001b0e34e0000

Marking Bits: (ParMarkBitMap*) 0x00007ffc1f0f0b20
 Begin Bits: [0x000001b0fa8a0000, 0x000001b0fb8a0000)
 End Bits:   [0x000001b0fb8a0000, 0x000001b0fc8a0000)

Polling page: 0x000001b0e2090000

Metaspace:

Usage:
  Non-class:     71.21 MB used.
      Class:      7.30 MB used.
       Both:     78.50 MB used.

Virtual space:
  Non-class space:       80.00 MB reserved,      71.69 MB ( 90%) committed,  10 nodes.
      Class space:        1.00 GB reserved,       7.69 MB ( <1%) committed,  1 nodes.
              Both:        1.08 GB reserved,      79.38 MB (  7%) committed. 

Chunk freelists:
   Non-Class:  3.97 MB
       Class:  242.00 KB
        Both:  4.20 MB

MaxMetaspaceSize: 17179869184.00 GB
CompressedClassSpaceSize: 1.00 GB
 - commit_granule_bytes: 65536.
 - commit_granule_words: 8192.
 - virtual_space_node_default_size: 1048576.
 - enlarge_chunks_in_place: 1.
 - new_chunks_are_fully_committed: 0.
 - uncommit_free_chunks: 1.
 - use_allocation_guard: 0.
 - handle_deallocations: 1.


Internal statistics:

num_allocs_failed_limit: 6.
num_arena_births: 562.
num_arena_deaths: 124.
num_vsnodes_births: 11.
num_vsnodes_deaths: 0.
num_space_committed: 1271.
num_space_uncommitted: 1.
num_chunks_returned_to_freelist: 184.
num_chunks_taken_from_freelist: 4253.
num_chunk_merges: 58.
num_chunk_splits: 2504.
num_chunks_enlarged: 1270.
num_purges: 26.

CodeHeap 'non-profiled nmethods': size=119168Kb used=31478Kb max_used=31478Kb free=87689Kb
 bounds [0x000001b0f3440000, 0x000001b0f5310000, 0x000001b0fa8a0000]
CodeHeap 'profiled nmethods': size=119104Kb used=34379Kb max_used=34379Kb free=84724Kb
 bounds [0x000001b0ebff0000, 0x000001b0ee1e0000, 0x000001b0f3440000]
CodeHeap 'non-nmethods': size=7488Kb used=1444Kb max_used=3216Kb free=6043Kb
 bounds [0x000001b0eb8a0000, 0x000001b0ebbe0000, 0x000001b0ebff0000]
 total_blobs=19552 nmethods=18781 adapters=680
 compilation: enabled
              stopped_count=0, restarted_count=0
 full_count=0

Compilation events (20 events):
Event: 12044.945 Thread 0x000001b0fe38e2a0 32150       4       org.eclipse.jdt.internal.codeassist.complete.CompletionParser::consumeBlockStatement (159 bytes)
Event: 12044.951 Thread 0x000001b0fe391540 32151       3       org.eclipse.jdt.internal.compiler.ast.CompoundAssignment::resolveType (615 bytes)
Event: 12044.952 Thread 0x000001b0fe391540 nmethod 32151 0x000001b0ed5ce890 code [0x000001b0ed5ced60, 0x000001b0ed5d1618]
Event: 12044.952 Thread 0x000001b0fe38e2a0 nmethod 32150 0x000001b0f50aa190 code [0x000001b0f50aa380, 0x000001b0f50aacb8]
Event: 12047.891 Thread 0x000001b0fe38e2a0 32152       4       org.eclipse.jdt.internal.codeassist.complete.CompletionParser::createLocalDeclaration (43 bytes)
Event: 12047.896 Thread 0x000001b0fe38e2a0 nmethod 32152 0x000001b0f5249d10 code [0x000001b0f5249ec0, 0x000001b0f524a3e8]
Event: 12048.424 Thread 0x000001b0fe38e2a0 32153       4       org.eclipse.jdt.internal.compiler.lookup.TypeBinding::typeVariables (4 bytes)
Event: 12048.425 Thread 0x000001b0fe38e2a0 nmethod 32153 0x000001b0f50a9e90 code [0x000001b0f50aa020, 0x000001b0f50aa098]
Event: 12050.110 Thread 0x000001b0fe38e2a0 32154       4       java.lang.Long::valueOf (40 bytes)
Event: 12050.112 Thread 0x000001b0fe38e2a0 nmethod 32154 0x000001b0f50a9910 code [0x000001b0f50a9aa0, 0x000001b0f50a9b98]
Event: 12052.491 Thread 0x000001b0fe38e2a0 32155       4       org.eclipse.jdt.internal.compiler.ast.ForStatement::analyseCode (1045 bytes)
Event: 12052.581 Thread 0x000001b0fe38e2a0 nmethod 32155 0x000001b0f52f4610 code [0x000001b0f52f4d40, 0x000001b0f52fc318]
Event: 12062.897 Thread 0x000001b0fe391540 32156       3       org.eclipse.jdt.internal.codeassist.CompletionEngine::findMethods (366 bytes)
Event: 12062.898 Thread 0x000001b0fe391540 nmethod 32156 0x000001b0ed495210 code [0x000001b0ed495540, 0x000001b0ed497158]
Event: 12062.976 Thread 0x000001b0fe391540 32157       3       org.eclipse.jdt.internal.compiler.GenericAstVisitor::visit (6 bytes)
Event: 12062.976 Thread 0x000001b0fe38e2a0 32158       4       org.eclipse.jdt.internal.codeassist.complete.CompletionNodeDetector::visit (6 bytes)
Event: 12062.977 Thread 0x000001b0fe391540 nmethod 32157 0x000001b0ed5ce490 code [0x000001b0ed5ce640, 0x000001b0ed5ce808]
Event: 12062.977 Thread 0x000001b0fe38e2a0 nmethod 32158 0x000001b0f5249a10 code [0x000001b0f5249b80, 0x000001b0f5249c38]
Event: 12063.105 Thread 0x000001b0fe391540 32159       3       org.eclipse.jdt.core.JavaCore::removeJavaLikeExtension (5 bytes)
Event: 12063.105 Thread 0x000001b0fe391540 nmethod 32159 0x000001b0ed54c090 code [0x000001b0ed54c240, 0x000001b0ed54c438]

GC Heap History (20 events):
Event: 12063.933 GC heap after
{Heap after GC invocations=41181 (full 1655):
 PSYoungGen      total 4608K, used 1470K [0x00000000eab00000, 0x00000000eb300000, 0x0000000100000000)
  eden space 3072K, 0% used [0x00000000eab00000,0x00000000eab00000,0x00000000eae00000)
  from space 1536K, 95% used [0x00000000eae00000,0x00000000eaf6fb70,0x00000000eaf80000)
  to   space 2048K, 0% used [0x00000000eb100000,0x00000000eb100000,0x00000000eb300000)
 ParOldGen       total 148992K, used 136109K [0x00000000c0000000, 0x00000000c9180000, 0x00000000eab00000)
  object space 148992K, 91% used [0x00000000c0000000,0x00000000c84eb5a0,0x00000000c9180000)
 Metaspace       used 80387K, committed 81280K, reserved 1130496K
  class space    used 7471K, committed 7872K, reserved 1048576K
}
Event: 12063.935 GC heap before
{Heap before GC invocations=41182 (full 1655):
 PSYoungGen      total 4608K, used 4542K [0x00000000eab00000, 0x00000000eb300000, 0x0000000100000000)
  eden space 3072K, 100% used [0x00000000eab00000,0x00000000eae00000,0x00000000eae00000)
  from space 1536K, 95% used [0x00000000eae00000,0x00000000eaf6fb70,0x00000000eaf80000)
  to   space 2048K, 0% used [0x00000000eb100000,0x00000000eb100000,0x00000000eb300000)
 ParOldGen       total 148992K, used 136109K [0x00000000c0000000, 0x00000000c9180000, 0x00000000eab00000)
  object space 148992K, 91% used [0x00000000c0000000,0x00000000c84eb5a0,0x00000000c9180000)
 Metaspace       used 80387K, committed 81280K, reserved 1130496K
  class space    used 7471K, committed 7872K, reserved 1048576K
}
Event: 12063.936 GC heap after
{Heap after GC invocations=41182 (full 1655):
 PSYoungGen      total 5120K, used 876K [0x00000000eab00000, 0x00000000eb200000, 0x0000000100000000)
  eden space 4096K, 0% used [0x00000000eab00000,0x00000000eab00000,0x00000000eaf00000)
  from space 1024K, 85% used [0x00000000eb100000,0x00000000eb1db350,0x00000000eb200000)
  to   space 1536K, 0% used [0x00000000eaf00000,0x00000000eaf00000,0x00000000eb080000)
 ParOldGen       total 148992K, used 136858K [0x00000000c0000000, 0x00000000c9180000, 0x00000000eab00000)
  object space 148992K, 91% used [0x00000000c0000000,0x00000000c85a69f0,0x00000000c9180000)
 Metaspace       used 80387K, committed 81280K, reserved 1130496K
  class space    used 7471K, committed 7872K, reserved 1048576K
}
Event: 12063.939 GC heap before
{Heap before GC invocations=41183 (full 1655):
 PSYoungGen      total 5120K, used 4972K [0x00000000eab00000, 0x00000000eb200000, 0x0000000100000000)
  eden space 4096K, 100% used [0x00000000eab00000,0x00000000eaf00000,0x00000000eaf00000)
  from space 1024K, 85% used [0x00000000eb100000,0x00000000eb1db350,0x00000000eb200000)
  to   space 1536K, 0% used [0x00000000eaf00000,0x00000000eaf00000,0x00000000eb080000)
 ParOldGen       total 148992K, used 136858K [0x00000000c0000000, 0x00000000c9180000, 0x00000000eab00000)
  object space 148992K, 91% used [0x00000000c0000000,0x00000000c85a69f0,0x00000000c9180000)
 Metaspace       used 80387K, committed 81280K, reserved 1130496K
  class space    used 7471K, committed 7872K, reserved 1048576K
}
Event: 12063.940 GC heap after
{Heap after GC invocations=41183 (full 1655):
 PSYoungGen      total 5632K, used 1388K [0x00000000eab00000, 0x00000000eb300000, 0x0000000100000000)
  eden space 4096K, 0% used [0x00000000eab00000,0x00000000eab00000,0x00000000eaf00000)
  from space 1536K, 90% used [0x00000000eaf00000,0x00000000eb05b350,0x00000000eb080000)
  to   space 1536K, 0% used [0x00000000eb180000,0x00000000eb180000,0x00000000eb300000)
 ParOldGen       total 148992K, used 137178K [0x00000000c0000000, 0x00000000c9180000, 0x00000000eab00000)
  object space 148992K, 92% used [0x00000000c0000000,0x00000000c85f69f0,0x00000000c9180000)
 Metaspace       used 80387K, committed 81280K, reserved 1130496K
  class space    used 7471K, committed 7872K, reserved 1048576K
}
Event: 12063.945 GC heap before
{Heap before GC invocations=41184 (full 1655):
 PSYoungGen      total 5632K, used 5484K [0x00000000eab00000, 0x00000000eb300000, 0x0000000100000000)
  eden space 4096K, 100% used [0x00000000eab00000,0x00000000eaf00000,0x00000000eaf00000)
  from space 1536K, 90% used [0x00000000eaf00000,0x00000000eb05b350,0x00000000eb080000)
  to   space 1536K, 0% used [0x00000000eb180000,0x00000000eb180000,0x00000000eb300000)
 ParOldGen       total 148992K, used 137178K [0x00000000c0000000, 0x00000000c9180000, 0x00000000eab00000)
  object space 148992K, 92% used [0x00000000c0000000,0x00000000c85f69f0,0x00000000c9180000)
 Metaspace       used 80387K, committed 81280K, reserved 1130496K
  class space    used 7471K, committed 7872K, reserved 1048576K
}
Event: 12063.946 GC heap after
{Heap after GC invocations=41184 (full 1655):
 PSYoungGen      total 6656K, used 1440K [0x00000000eab00000, 0x00000000eb300000, 0x0000000100000000)
  eden space 5120K, 0% used [0x00000000eab00000,0x00000000eab00000,0x00000000eb000000)
  from space 1536K, 93% used [0x00000000eb180000,0x00000000eb2e8000,0x00000000eb300000)
  to   space 1536K, 0% used [0x00000000eb000000,0x00000000eb000000,0x00000000eb180000)
 ParOldGen       total 148992K, used 138380K [0x00000000c0000000, 0x00000000c9180000, 0x00000000eab00000)
  object space 148992K, 92% used [0x00000000c0000000,0x00000000c8723308,0x00000000c9180000)
 Metaspace       used 80387K, committed 81280K, reserved 1130496K
  class space    used 7471K, committed 7872K, reserved 1048576K
}
Event: 12064.556 GC heap before
{Heap before GC invocations=41185 (full 1655):
 PSYoungGen      total 6656K, used 6560K [0x00000000eab00000, 0x00000000eb300000, 0x0000000100000000)
  eden space 5120K, 100% used [0x00000000eab00000,0x00000000eb000000,0x00000000eb000000)
  from space 1536K, 93% used [0x00000000eb180000,0x00000000eb2e8000,0x00000000eb300000)
  to   space 1536K, 0% used [0x00000000eb000000,0x00000000eb000000,0x00000000eb180000)
 ParOldGen       total 148992K, used 138380K [0x00000000c0000000, 0x00000000c9180000, 0x00000000eab00000)
  object space 148992K, 92% used [0x00000000c0000000,0x00000000c8723308,0x00000000c9180000)
 Metaspace       used 80387K, committed 81280K, reserved 1130496K
  class space    used 7471K, committed 7872K, reserved 1048576K
}
Event: 12064.557 GC heap after
{Heap after GC invocations=41185 (full 1655):
 PSYoungGen      total 6656K, used 953K [0x00000000eab00000, 0x00000000eb300000, 0x0000000100000000)
  eden space 5120K, 0% used [0x00000000eab00000,0x00000000eab00000,0x00000000eb000000)
  from space 1536K, 62% used [0x00000000eb000000,0x00000000eb0ee6b0,0x00000000eb180000)
  to   space 1536K, 0% used [0x00000000eb180000,0x00000000eb180000,0x00000000eb300000)
 ParOldGen       total 148992K, used 139649K [0x00000000c0000000, 0x00000000c9180000, 0x00000000eab00000)
  object space 148992K, 93% used [0x00000000c0000000,0x00000000c88605f0,0x00000000c9180000)
 Metaspace       used 80387K, committed 81280K, reserved 1130496K
  class space    used 7471K, committed 7872K, reserved 1048576K
}
Event: 12064.564 GC heap before
{Heap before GC invocations=41186 (full 1655):
 PSYoungGen      total 6656K, used 6073K [0x00000000eab00000, 0x00000000eb300000, 0x0000000100000000)
  eden space 5120K, 100% used [0x00000000eab00000,0x00000000eb000000,0x00000000eb000000)
  from space 1536K, 62% used [0x00000000eb000000,0x00000000eb0ee6b0,0x00000000eb180000)
  to   space 1536K, 0% used [0x00000000eb180000,0x00000000eb180000,0x00000000eb300000)
 ParOldGen       total 148992K, used 139649K [0x00000000c0000000, 0x00000000c9180000, 0x00000000eab00000)
  object space 148992K, 93% used [0x00000000c0000000,0x00000000c88605f0,0x00000000c9180000)
 Metaspace       used 80387K, committed 81280K, reserved 1130496K
  class space    used 7471K, committed 7872K, reserved 1048576K
}
Event: 12064.565 GC heap after
{Heap after GC invocations=41186 (full 1655):
 PSYoungGen      total 5120K, used 1536K [0x00000000eab00000, 0x00000000eb600000, 0x0000000100000000)
  eden space 3584K, 0% used [0x00000000eab00000,0x00000000eab00000,0x00000000eae80000)
  from space 1536K, 100% used [0x00000000eb180000,0x00000000eb300000,0x00000000eb300000)
  to   space 3072K, 0% used [0x00000000eae80000,0x00000000eae80000,0x00000000eb180000)
 ParOldGen       total 148992K, used 140550K [0x00000000c0000000, 0x00000000c9180000, 0x00000000eab00000)
  object space 148992K, 94% used [0x00000000c0000000,0x00000000c89418d0,0x00000000c9180000)
 Metaspace       used 80387K, committed 81280K, reserved 1130496K
  class space    used 7471K, committed 7872K, reserved 1048576K
}
Event: 12064.568 GC heap before
{Heap before GC invocations=41187 (full 1655):
 PSYoungGen      total 5120K, used 5120K [0x00000000eab00000, 0x00000000eb600000, 0x0000000100000000)
  eden space 3584K, 100% used [0x00000000eab00000,0x00000000eae80000,0x00000000eae80000)
  from space 1536K, 100% used [0x00000000eb180000,0x00000000eb300000,0x00000000eb300000)
  to   space 3072K, 0% used [0x00000000eae80000,0x00000000eae80000,0x00000000eb180000)
 ParOldGen       total 148992K, used 140550K [0x00000000c0000000, 0x00000000c9180000, 0x00000000eab00000)
  object space 148992K, 94% used [0x00000000c0000000,0x00000000c89418d0,0x00000000c9180000)
 Metaspace       used 80387K, committed 81280K, reserved 1130496K
  class space    used 7471K, committed 7872K, reserved 1048576K
}
Event: 12064.569 GC heap after
{Heap after GC invocations=41187 (full 1655):
 PSYoungGen      total 5120K, used 1332K [0x00000000eab00000, 0x00000000eb280000, 0x0000000100000000)
  eden space 3584K, 0% used [0x00000000eab00000,0x00000000eab00000,0x00000000eae80000)
  from space 1536K, 86% used [0x00000000eae80000,0x00000000eafcd140,0x00000000eb000000)
  to   space 2048K, 0% used [0x00000000eb080000,0x00000000eb080000,0x00000000eb280000)
 ParOldGen       total 148992K, used 142105K [0x00000000c0000000, 0x00000000c9180000, 0x00000000eab00000)
  object space 148992K, 95% used [0x00000000c0000000,0x00000000c8ac6580,0x00000000c9180000)
 Metaspace       used 80387K, committed 81280K, reserved 1130496K
  class space    used 7471K, committed 7872K, reserved 1048576K
}
Event: 12064.572 GC heap before
{Heap before GC invocations=41188 (full 1655):
 PSYoungGen      total 5120K, used 4916K [0x00000000eab00000, 0x00000000eb280000, 0x0000000100000000)
  eden space 3584K, 100% used [0x00000000eab00000,0x00000000eae80000,0x00000000eae80000)
  from space 1536K, 86% used [0x00000000eae80000,0x00000000eafcd140,0x00000000eb000000)
  to   space 2048K, 0% used [0x00000000eb080000,0x00000000eb080000,0x00000000eb280000)
 ParOldGen       total 148992K, used 142105K [0x00000000c0000000, 0x00000000c9180000, 0x00000000eab00000)
  object space 148992K, 95% used [0x00000000c0000000,0x00000000c8ac6580,0x00000000c9180000)
 Metaspace       used 80387K, committed 81280K, reserved 1130496K
  class space    used 7471K, committed 7872K, reserved 1048576K
}
Event: 12064.573 GC heap after
{Heap after GC invocations=41188 (full 1655):
 PSYoungGen      total 5632K, used 684K [0x00000000eab00000, 0x00000000eb180000, 0x0000000100000000)
  eden space 4608K, 0% used [0x00000000eab00000,0x00000000eab00000,0x00000000eaf80000)
  from space 1024K, 66% used [0x00000000eb080000,0x00000000eb12b350,0x00000000eb180000)
  to   space 1024K, 0% used [0x00000000eaf80000,0x00000000eaf80000,0x00000000eb080000)
 ParOldGen       total 148992K, used 143009K [0x00000000c0000000, 0x00000000c9180000, 0x00000000eab00000)
  object space 148992K, 95% used [0x00000000c0000000,0x00000000c8ba8660,0x00000000c9180000)
 Metaspace       used 80387K, committed 81280K, reserved 1130496K
  class space    used 7471K, committed 7872K, reserved 1048576K
}
Event: 12065.025 GC heap before
{Heap before GC invocations=41189 (full 1655):
 PSYoungGen      total 5632K, used 5292K [0x00000000eab00000, 0x00000000eb180000, 0x0000000100000000)
  eden space 4608K, 100% used [0x00000000eab00000,0x00000000eaf80000,0x00000000eaf80000)
  from space 1024K, 66% used [0x00000000eb080000,0x00000000eb12b350,0x00000000eb180000)
  to   space 1024K, 0% used [0x00000000eaf80000,0x00000000eaf80000,0x00000000eb080000)
 ParOldGen       total 148992K, used 143009K [0x00000000c0000000, 0x00000000c9180000, 0x00000000eab00000)
  object space 148992K, 95% used [0x00000000c0000000,0x00000000c8ba8660,0x00000000c9180000)
 Metaspace       used 80387K, committed 81280K, reserved 1130496K
  class space    used 7471K, committed 7872K, reserved 1048576K
}
Event: 12065.025 GC heap after
{Heap after GC invocations=41189 (full 1655):
 PSYoungGen      total 5632K, used 1004K [0x00000000eab00000, 0x00000000eb380000, 0x0000000100000000)
  eden space 4608K, 0% used [0x00000000eab00000,0x00000000eab00000,0x00000000eaf80000)
  from space 1024K, 98% used [0x00000000eaf80000,0x00000000eb07b350,0x00000000eb080000)
  to   space 2048K, 0% used [0x00000000eb180000,0x00000000eb180000,0x00000000eb380000)
 ParOldGen       total 148992K, used 143614K [0x00000000c0000000, 0x00000000c9180000, 0x00000000eab00000)
  object space 148992K, 96% used [0x00000000c0000000,0x00000000c8c3f8d0,0x00000000c9180000)
 Metaspace       used 80387K, committed 81280K, reserved 1130496K
  class space    used 7471K, committed 7872K, reserved 1048576K
}
Event: 12065.030 GC heap before
{Heap before GC invocations=41190 (full 1655):
 PSYoungGen      total 5632K, used 5612K [0x00000000eab00000, 0x00000000eb380000, 0x0000000100000000)
  eden space 4608K, 100% used [0x00000000eab00000,0x00000000eaf80000,0x00000000eaf80000)
  from space 1024K, 98% used [0x00000000eaf80000,0x00000000eb07b350,0x00000000eb080000)
  to   space 2048K, 0% used [0x00000000eb180000,0x00000000eb180000,0x00000000eb380000)
 ParOldGen       total 148992K, used 143614K [0x00000000c0000000, 0x00000000c9180000, 0x00000000eab00000)
  object space 148992K, 96% used [0x00000000c0000000,0x00000000c8c3f8d0,0x00000000c9180000)
 Metaspace       used 80387K, committed 81280K, reserved 1130496K
  class space    used 7471K, committed 7872K, reserved 1048576K
}
Event: 12065.031 GC heap after
{Heap after GC invocations=41190 (full 1655):
 PSYoungGen      total 6656K, used 1716K [0x00000000eab00000, 0x00000000eb380000, 0x0000000100000000)
  eden space 4608K, 0% used [0x00000000eab00000,0x00000000eab00000,0x00000000eaf80000)
  from space 2048K, 83% used [0x00000000eb180000,0x00000000eb32d140,0x00000000eb380000)
  to   space 2048K, 0% used [0x00000000eaf80000,0x00000000eaf80000,0x00000000eb180000)
 ParOldGen       total 148992K, used 144725K [0x00000000c0000000, 0x00000000c9180000, 0x00000000eab00000)
  object space 148992K, 97% used [0x00000000c0000000,0x00000000c8d55518,0x00000000c9180000)
 Metaspace       used 80387K, committed 81280K, reserved 1130496K
  class space    used 7471K, committed 7872K, reserved 1048576K
}
Event: 12065.037 GC heap before
{Heap before GC invocations=41191 (full 1655):
 PSYoungGen      total 6656K, used 6324K [0x00000000eab00000, 0x00000000eb380000, 0x0000000100000000)
  eden space 4608K, 100% used [0x00000000eab00000,0x00000000eaf80000,0x00000000eaf80000)
  from space 2048K, 83% used [0x00000000eb180000,0x00000000eb32d140,0x00000000eb380000)
  to   space 2048K, 0% used [0x00000000eaf80000,0x00000000eaf80000,0x00000000eb180000)
 ParOldGen       total 148992K, used 144725K [0x00000000c0000000, 0x00000000c9180000, 0x00000000eab00000)
  object space 148992K, 97% used [0x00000000c0000000,0x00000000c8d55518,0x00000000c9180000)
 Metaspace       used 80387K, committed 81280K, reserved 1130496K
  class space    used 7471K, committed 7872K, reserved 1048576K
}

Deoptimization events (20 events):
Event: 11958.678 Thread 0x000001b09035c860 DEOPT PACKING pc=0x000001b0f4cc51b0 sp=0x000000750a8fe140
Event: 11958.678 Thread 0x000001b09035c860 DEOPT UNPACKING pc=0x000001b0eb8a85ae sp=0x000000750a8fe120 mode 2
Event: 11959.213 Thread 0x000001b09035c860 Uncommon trap: trap_request=0xffffffde fr.pc=0x000001b0f4bca524 relative=0x0000000000000c64
Event: 11959.213 Thread 0x000001b09035c860 Uncommon trap: reason=class_check action=maybe_recompile pc=0x000001b0f4bca524 method=org.eclipse.jdt.internal.core.util.Util.getUnresolvedJavaElement(Lorg/eclipse/jdt/internal/compiler/lookup/FieldBinding;Lorg/eclipse/jdt/core/WorkingCopyOwner;Lorg/eclip
Event: 11959.213 Thread 0x000001b09035c860 DEOPT PACKING pc=0x000001b0f4bca524 sp=0x000000750a8feb30
Event: 11959.213 Thread 0x000001b09035c860 DEOPT UNPACKING pc=0x000001b0eb8a85ae sp=0x000000750a8fea40 mode 2
Event: 11982.767 Thread 0x000001b09035c310 Uncommon trap: trap_request=0xffffffbe fr.pc=0x000001b0f4973870 relative=0x0000000000003ff0
Event: 11982.767 Thread 0x000001b09035c310 Uncommon trap: reason=profile_predicate action=maybe_recompile pc=0x000001b0f4973870 method=org.eclipse.jdt.internal.compiler.lookup.ParameterizedGenericMethodBinding.computeCompatibleMethod18(Lorg/eclipse/jdt/internal/compiler/lookup/MethodBinding;[Lorg/
Event: 11982.767 Thread 0x000001b09035c310 DEOPT PACKING pc=0x000001b0f4973870 sp=0x0000007509bfe120
Event: 11982.767 Thread 0x000001b09035c310 DEOPT UNPACKING pc=0x000001b0eb8a85ae sp=0x0000007509bfe0c0 mode 2
Event: 11982.770 Thread 0x000001b09035c310 Uncommon trap: trap_request=0xffffffbe fr.pc=0x000001b0f4973870 relative=0x0000000000003ff0
Event: 11982.770 Thread 0x000001b09035c310 Uncommon trap: reason=profile_predicate action=maybe_recompile pc=0x000001b0f4973870 method=org.eclipse.jdt.internal.compiler.lookup.ParameterizedGenericMethodBinding.computeCompatibleMethod18(Lorg/eclipse/jdt/internal/compiler/lookup/MethodBinding;[Lorg/
Event: 11982.770 Thread 0x000001b09035c310 DEOPT PACKING pc=0x000001b0f4973870 sp=0x0000007509bfe120
Event: 11982.770 Thread 0x000001b09035c310 DEOPT UNPACKING pc=0x000001b0eb8a85ae sp=0x0000007509bfe0c0 mode 2
Event: 12043.529 Thread 0x000001b081f3ac60 DEOPT PACKING pc=0x000001b0ee164511 sp=0x0000007508afd670
Event: 12043.529 Thread 0x000001b081f3ac60 DEOPT UNPACKING pc=0x000001b0eb8ee77e sp=0x0000007508afcc40 mode 0
Event: 12044.679 Thread 0x000001b081f3ac60 Uncommon trap: trap_request=0xffffff45 fr.pc=0x000001b0f5128fa0 relative=0x00000000000014e0
Event: 12044.679 Thread 0x000001b081f3ac60 Uncommon trap: reason=unstable_if action=reinterpret pc=0x000001b0f5128fa0 method=org.eclipse.jdt.internal.compiler.ast.CompoundAssignment.resolveType(Lorg/eclipse/jdt/internal/compiler/lookup/BlockScope;)Lorg/eclipse/jdt/internal/compiler/lookup/TypeBind
Event: 12044.679 Thread 0x000001b081f3ac60 DEOPT PACKING pc=0x000001b0f5128fa0 sp=0x0000007508afdd90
Event: 12044.679 Thread 0x000001b081f3ac60 DEOPT UNPACKING pc=0x000001b0eb8a85ae sp=0x0000007508afdd48 mode 2

Classes unloaded (20 events):
Event: 7462.475 Thread 0x000001b0fe3727b0 Unloading class 0x0000000801300800 'jdk/internal/reflect/GeneratedConstructorAccessor57'
Event: 7462.475 Thread 0x000001b0fe3727b0 Unloading class 0x00000008012fd000 'jdk/internal/reflect/GeneratedConstructorAccessor51'
Event: 7462.475 Thread 0x000001b0fe3727b0 Unloading class 0x00000008012fc400 'jdk/internal/reflect/GeneratedMethodAccessor17'
Event: 7462.475 Thread 0x000001b0fe3727b0 Unloading class 0x00000008012d5c00 'jdk/internal/reflect/GeneratedSerializationConstructorAccessor8'
Event: 7462.475 Thread 0x000001b0fe3727b0 Unloading class 0x00000008012d5800 'jdk/internal/reflect/GeneratedSerializationConstructorAccessor7'
Event: 7462.475 Thread 0x000001b0fe3727b0 Unloading class 0x00000008012d5400 'jdk/internal/reflect/GeneratedSerializationConstructorAccessor6'
Event: 7462.475 Thread 0x000001b0fe3727b0 Unloading class 0x00000008012d5000 'jdk/internal/reflect/GeneratedSerializationConstructorAccessor5'
Event: 9604.387 Thread 0x000001b0fe3727b0 Unloading class 0x0000000801318000 'jdk/internal/reflect/GeneratedConstructorAccessor61'
Event: 10441.970 Thread 0x000001b0fe3727b0 Unloading class 0x00000008012fc400 'jdk/internal/reflect/GeneratedConstructorAccessor60'
Event: 10641.789 Thread 0x000001b0fe3727b0 Unloading class 0x0000000801318400 'jdk/internal/reflect/GeneratedConstructorAccessor62'
Event: 10949.931 Thread 0x000001b0fe3727b0 Unloading class 0x00000008013c5000 'jdk/internal/reflect/GeneratedConstructorAccessor77'
Event: 10949.931 Thread 0x000001b0fe3727b0 Unloading class 0x00000008013c4c00 'jdk/internal/reflect/GeneratedConstructorAccessor76'
Event: 10949.931 Thread 0x000001b0fe3727b0 Unloading class 0x00000008013c4800 'jdk/internal/reflect/GeneratedConstructorAccessor75'
Event: 10949.931 Thread 0x000001b0fe3727b0 Unloading class 0x00000008013c4400 'jdk/internal/reflect/GeneratedConstructorAccessor74'
Event: 10949.931 Thread 0x000001b0fe3727b0 Unloading class 0x0000000801328c00 'jdk/internal/reflect/GeneratedConstructorAccessor72'
Event: 10949.931 Thread 0x000001b0fe3727b0 Unloading class 0x0000000801328800 'jdk/internal/reflect/GeneratedConstructorAccessor71'
Event: 10949.931 Thread 0x000001b0fe3727b0 Unloading class 0x0000000801328400 'jdk/internal/reflect/GeneratedConstructorAccessor70'
Event: 10949.931 Thread 0x000001b0fe3727b0 Unloading class 0x0000000801328000 'jdk/internal/reflect/GeneratedConstructorAccessor69'
Event: 10949.931 Thread 0x000001b0fe3727b0 Unloading class 0x0000000801321c00 'jdk/internal/reflect/GeneratedConstructorAccessor68'
Event: 11467.977 Thread 0x000001b0fe3727b0 Unloading class 0x00000008012fc400 'jdk/internal/reflect/GeneratedConstructorAccessor78'

Classes redefined (0 events):
No events

Internal exceptions (20 events):
Event: 10008.024 Thread 0x000001b081f3ac60 Implicit null exception at 0x000001b0f43db08d to 0x000001b0f43db668
Event: 10118.620 Thread 0x000001b08520a7b0 Implicit null exception at 0x000001b0f45c86a1 to 0x000001b0f45cafd4
Event: 10831.996 Thread 0x000001b0903588a0 Exception <a 'java/lang/ClassNotFoundException'{0x00000000ead802f0}: sun/net/www/protocol/jdt/Handler> (0x00000000ead802f0) 
thrown [t:\workspace\open\src\hotspot\share\classfile\systemDictionary.cpp, line 256]
Event: 10832.285 Thread 0x000001b0903588a0 Exception <a 'java/lang/ClassNotFoundException'{0x00000000eacb8ce8}: sun/net/www/protocol/jdt/Handler> (0x00000000eacb8ce8) 
thrown [t:\workspace\open\src\hotspot\share\classfile\systemDictionary.cpp, line 256]
Event: 10852.126 Thread 0x000001b0903588a0 Exception <a 'java/lang/ClassNotFoundException'{0x00000000eab58370}: sun/net/www/protocol/jdt/Handler> (0x00000000eab58370) 
thrown [t:\workspace\open\src\hotspot\share\classfile\systemDictionary.cpp, line 256]
Event: 10852.126 Thread 0x000001b0903588a0 Exception <a 'java/lang/ClassNotFoundException'{0x00000000eab5ad38}: sun/net/www/protocol/jdt/Handler> (0x00000000eab5ad38) 
thrown [t:\workspace\open\src\hotspot\share\classfile\systemDictionary.cpp, line 256]
Event: 10852.126 Thread 0x000001b0903588a0 Exception <a 'java/lang/ClassNotFoundException'{0x00000000eab5d600}: sun/net/www/protocol/jdt/Handler> (0x00000000eab5d600) 
thrown [t:\workspace\open\src\hotspot\share\classfile\systemDictionary.cpp, line 256]
Event: 11287.412 Thread 0x000001b085208d20 Implicit null exception at 0x000001b0f45b2689 to 0x000001b0f45b3088
Event: 11294.474 Thread 0x000001b090359340 Exception <a 'java/lang/ClassNotFoundException'{0x00000000eae3caf8}: sun/net/www/protocol/jdt/Handler> (0x00000000eae3caf8) 
thrown [t:\workspace\open\src\hotspot\share\classfile\systemDictionary.cpp, line 256]
Event: 11294.474 Thread 0x000001b090359340 Exception <a 'java/lang/ClassNotFoundException'{0x00000000eae3e820}: sun/net/www/protocol/jdt/Handler> (0x00000000eae3e820) 
thrown [t:\workspace\open\src\hotspot\share\classfile\systemDictionary.cpp, line 256]
Event: 11302.615 Thread 0x000001b090359de0 Exception <a 'java/lang/ClassNotFoundException'{0x00000000eae151e0}: sun/net/www/protocol/jdt/Handler> (0x00000000eae151e0) 
thrown [t:\workspace\open\src\hotspot\share\classfile\systemDictionary.cpp, line 256]
Event: 11302.615 Thread 0x000001b090359de0 Exception <a 'java/lang/ClassNotFoundException'{0x00000000eae17de0}: sun/net/www/protocol/jdt/Handler> (0x00000000eae17de0) 
thrown [t:\workspace\open\src\hotspot\share\classfile\systemDictionary.cpp, line 256]
Event: 11334.894 Thread 0x000001b0903588a0 Implicit null exception at 0x000001b0f48ca78f to 0x000001b0f48cad80
Event: 11334.896 Thread 0x000001b0903588a0 Implicit null exception at 0x000001b0f42d4a98 to 0x000001b0f42d5b78
Event: 11542.194 Thread 0x000001b081f3ac60 Exception <a 'java/lang/ClassNotFoundException'{0x00000000eab4df40}: sun/net/www/protocol/jdt/Handler> (0x00000000eab4df40) 
thrown [t:\workspace\open\src\hotspot\share\classfile\systemDictionary.cpp, line 256]
Event: 11555.407 Thread 0x000001b081f3ac60 Exception <a 'java/lang/ClassNotFoundException'{0x00000000eab2fe28}: sun/net/www/protocol/jdt/Handler> (0x00000000eab2fe28) 
thrown [t:\workspace\open\src\hotspot\share\classfile\systemDictionary.cpp, line 256]
Event: 11555.407 Thread 0x000001b081f3ac60 Exception <a 'java/lang/ClassNotFoundException'{0x00000000eab33ce8}: sun/net/www/protocol/jdt/Handler> (0x00000000eab33ce8) 
thrown [t:\workspace\open\src\hotspot\share\classfile\systemDictionary.cpp, line 256]
Event: 11555.407 Thread 0x000001b081f3ac60 Exception <a 'java/lang/ClassNotFoundException'{0x00000000eab36370}: sun/net/www/protocol/jdt/Handler> (0x00000000eab36370) 
thrown [t:\workspace\open\src\hotspot\share\classfile\systemDictionary.cpp, line 256]
Event: 11720.035 Thread 0x000001b09035c860 Exception <a 'java/lang/ArrayIndexOutOfBoundsException'{0x00000000eacece78}> (0x00000000eacece78) 
thrown [t:\workspace\open\src\hotspot\share\runtime\sharedRuntime.cpp, line 624]
Event: 11841.628 Thread 0x000001b085208d20 Implicit null exception at 0x000001b0f4b2e007 to 0x000001b0f4b2f2f4

Events (20 events):
Event: 12063.933 Executing  VM operation: ParallelGCFailedAllocation done
Event: 12063.935 Executing  VM operation: ParallelGCFailedAllocation
Event: 12063.936 Executing  VM operation: ParallelGCFailedAllocation done
Event: 12063.939 Executing  VM operation: ParallelGCFailedAllocation
Event: 12063.940 Executing  VM operation: ParallelGCFailedAllocation done
Event: 12063.945 Executing  VM operation: ParallelGCFailedAllocation
Event: 12063.946 Executing  VM operation: ParallelGCFailedAllocation done
Event: 12064.556 Executing  VM operation: ParallelGCFailedAllocation
Event: 12064.557 Executing  VM operation: ParallelGCFailedAllocation done
Event: 12064.564 Executing  VM operation: ParallelGCFailedAllocation
Event: 12064.565 Executing  VM operation: ParallelGCFailedAllocation done
Event: 12064.568 Executing  VM operation: ParallelGCFailedAllocation
Event: 12064.569 Executing  VM operation: ParallelGCFailedAllocation done
Event: 12064.572 Executing  VM operation: ParallelGCFailedAllocation
Event: 12064.573 Executing  VM operation: ParallelGCFailedAllocation done
Event: 12065.024 Executing  VM operation: ParallelGCFailedAllocation
Event: 12065.025 Executing  VM operation: ParallelGCFailedAllocation done
Event: 12065.030 Executing  VM operation: ParallelGCFailedAllocation
Event: 12065.031 Executing  VM operation: ParallelGCFailedAllocation done
Event: 12065.037 Executing  VM operation: ParallelGCFailedAllocation


Dynamic libraries:
0x00007ff6daca0000 - 0x00007ff6dacb0000 	C:\Program Files\Java\jdk-16.0.1\bin\java.exe
0x00007ffca7340000 - 0x00007ffca7547000 	C:\WINDOWS\SYSTEM32\ntdll.dll
0x00007ffca5cf0000 - 0x00007ffca5dad000 	C:\WINDOWS\System32\KERNEL32.DLL
0x00007ffca4be0000 - 0x00007ffca4f54000 	C:\WINDOWS\System32\KERNELBASE.dll
0x00007ffca1e00000 - 0x00007ffca1e91000 	C:\WINDOWS\SYSTEM32\apphelp.dll
0x00007ffca48e0000 - 0x00007ffca49f1000 	C:\WINDOWS\System32\ucrtbase.dll
0x00007ffca1040000 - 0x00007ffca1058000 	C:\Program Files\Java\jdk-16.0.1\bin\jli.dll
0x00007ffca58a0000 - 0x00007ffca594c000 	C:\WINDOWS\System32\ADVAPI32.dll
0x00007ffca03e0000 - 0x00007ffca03f9000 	C:\Program Files\Java\jdk-16.0.1\bin\VCRUNTIME140.dll
0x00007ffca6070000 - 0x00007ffca6113000 	C:\WINDOWS\System32\msvcrt.dll
0x00007ffca5570000 - 0x00007ffca560d000 	C:\WINDOWS\System32\sechost.dll
0x00007ffca5f40000 - 0x00007ffca6061000 	C:\WINDOWS\System32\RPCRT4.dll
0x00007ffca53c0000 - 0x00007ffca556c000 	C:\WINDOWS\System32\USER32.dll
0x00007ffca4fe0000 - 0x00007ffca5006000 	C:\WINDOWS\System32\win32u.dll
0x00007ffc8c550000 - 0x00007ffc8c7f5000 	C:\WINDOWS\WinSxS\amd64_microsoft.windows.common-controls_6595b64144ccf1df_6.0.22000.120_none_9d947278b86cc467\COMCTL32.dll
0x00007ffca51d0000 - 0x00007ffca51f9000 	C:\WINDOWS\System32\GDI32.dll
0x00007ffca50b0000 - 0x00007ffca51c2000 	C:\WINDOWS\System32\gdi32full.dll
0x00007ffca5010000 - 0x00007ffca50ad000 	C:\WINDOWS\System32\msvcp_win.dll
0x00007ffc9ea90000 - 0x00007ffc9ea9a000 	C:\WINDOWS\SYSTEM32\VERSION.dll
0x00007ffca5620000 - 0x00007ffca5651000 	C:\WINDOWS\System32\IMM32.DLL
0x00007ffca1d00000 - 0x00007ffca1d0c000 	C:\Program Files\Java\jdk-16.0.1\bin\vcruntime140_1.dll
0x00007ffc67ac0000 - 0x00007ffc67b51000 	C:\Program Files\Java\jdk-16.0.1\bin\msvcp140.dll
0x00007ffc1e600000 - 0x00007ffc1f1ab000 	C:\Program Files\Java\jdk-16.0.1\bin\server\jvm.dll
0x00007ffca5610000 - 0x00007ffca5618000 	C:\WINDOWS\System32\PSAPI.DLL
0x00007ffc91320000 - 0x00007ffc91353000 	C:\WINDOWS\SYSTEM32\WINMM.dll
0x00007ffc8a120000 - 0x00007ffc8a129000 	C:\WINDOWS\SYSTEM32\WSOCK32.dll
0x00007ffca5ec0000 - 0x00007ffca5f2f000 	C:\WINDOWS\System32\WS2_32.dll
0x00007ffca3930000 - 0x00007ffca3948000 	C:\WINDOWS\SYSTEM32\kernel.appcore.dll
0x00007ffca1030000 - 0x00007ffca103a000 	C:\Program Files\Java\jdk-16.0.1\bin\jimage.dll
0x00007ffc9cf90000 - 0x00007ffc9d1b1000 	C:\WINDOWS\SYSTEM32\DBGHELP.DLL
0x00007ffc870d0000 - 0x00007ffc87101000 	C:\WINDOWS\SYSTEM32\dbgcore.DLL
0x00007ffca4f60000 - 0x00007ffca4fe0000 	C:\WINDOWS\System32\bcryptPrimitives.dll
0x00007ffc8dd10000 - 0x00007ffc8dd35000 	C:\Program Files\Java\jdk-16.0.1\bin\java.dll
0x00007ffca6a40000 - 0x00007ffca71e9000 	C:\WINDOWS\System32\SHELL32.dll
0x00007ffca29b0000 - 0x00007ffca3212000 	C:\WINDOWS\SYSTEM32\windows.storage.dll
0x00007ffca5970000 - 0x00007ffca5ce8000 	C:\WINDOWS\System32\combase.dll
0x00007ffca2840000 - 0x00007ffca29a6000 	C:\WINDOWS\SYSTEM32\wintypes.dll
0x00007ffca68f0000 - 0x00007ffca69da000 	C:\WINDOWS\System32\SHCORE.dll
0x00007ffca5db0000 - 0x00007ffca5e0d000 	C:\WINDOWS\System32\shlwapi.dll
0x00007ffca4750000 - 0x00007ffca4771000 	C:\WINDOWS\SYSTEM32\profapi.dll
0x00007ffc8bc80000 - 0x00007ffc8bc99000 	C:\Program Files\Java\jdk-16.0.1\bin\net.dll
0x00007ffc9e8f0000 - 0x00007ffc9e9fc000 	C:\WINDOWS\SYSTEM32\WINHTTP.dll
0x00007ffca3d40000 - 0x00007ffca3da7000 	C:\WINDOWS\system32\mswsock.dll
0x00007ffc8bc60000 - 0x00007ffc8bc73000 	C:\Program Files\Java\jdk-16.0.1\bin\nio.dll
0x00007ffc8bc40000 - 0x00007ffc8bc58000 	C:\Program Files\Java\jdk-16.0.1\bin\zip.dll
0x00007ffca3f80000 - 0x00007ffca3f98000 	C:\WINDOWS\SYSTEM32\CRYPTSP.dll
0x00007ffca3890000 - 0x00007ffca38c5000 	C:\WINDOWS\system32\rsaenh.dll
0x00007ffca3e30000 - 0x00007ffca3e59000 	C:\WINDOWS\SYSTEM32\USERENV.dll
0x00007ffca40f0000 - 0x00007ffca4117000 	C:\WINDOWS\SYSTEM32\bcrypt.dll
0x00007ffca4140000 - 0x00007ffca414c000 	C:\WINDOWS\SYSTEM32\CRYPTBASE.dll
0x00007ffca3470000 - 0x00007ffca349d000 	C:\WINDOWS\SYSTEM32\IPHLPAPI.DLL
0x00007ffca5750000 - 0x00007ffca5759000 	C:\WINDOWS\System32\NSI.dll
0x00007ffc9eac0000 - 0x00007ffc9ead9000 	C:\WINDOWS\SYSTEM32\dhcpcsvc6.DLL
0x00007ffc9eb50000 - 0x00007ffc9eb6e000 	C:\WINDOWS\SYSTEM32\dhcpcsvc.DLL
0x00007ffca34a0000 - 0x00007ffca3587000 	C:\WINDOWS\SYSTEM32\DNSAPI.dll
0x00007ffc8bdb0000 - 0x00007ffc8bdee000 	C:\Users\Damian\AppData\Roaming\Code\User\globalStorage\redhat.java\0.81.0\config_win\org.eclipse.equinox.launcher\org.eclipse.equinox.launcher.win32.win32.x86_64_1.2.300.v20210622-1446\eclipse_11503.dll
0x00007ffca1020000 - 0x00007ffca1030000 	C:\Program Files\Java\jdk-16.0.1\bin\verify.dll
0x00007ffc9c470000 - 0x00007ffc9c481000 	C:\Users\Damian\AppData\Roaming\Code\User\globalStorage\redhat.java\0.81.0\config_win\org.eclipse.osgi\22\0\.cp\jWinHttp-1.0.0.dll
0x00007ffca6750000 - 0x00007ffca68ea000 	C:\WINDOWS\System32\ole32.dll
0x00007ffca1120000 - 0x00007ffca112e000 	C:\Program Files\Java\jdk-16.0.1\bin\sunmscapi.dll
0x00007ffca4a70000 - 0x00007ffca4bd2000 	C:\WINDOWS\System32\CRYPT32.dll
0x00007ffca40c0000 - 0x00007ffca40e8000 	C:\WINDOWS\SYSTEM32\ncrypt.dll
0x00007ffca4080000 - 0x00007ffca40b7000 	C:\WINDOWS\SYSTEM32\NTASN1.dll
0x000000005e470000 - 0x000000005e496000 	C:\Program Files\Bonjour\mdnsNSP.dll
0x00007ffc9de00000 - 0x00007ffc9de0a000 	C:\Windows\System32\rasadhlp.dll
0x00007ffc9e410000 - 0x00007ffc9e491000 	C:\WINDOWS\System32\fwpuclnt.dll

dbghelp: loaded successfully - version: 4.0.5 - missing functions: none
symbol engine: initialized successfully - sym options: 0x614 - pdb path: .;C:\Program Files\Java\jdk-16.0.1\bin;C:\WINDOWS\SYSTEM32;C:\WINDOWS\WinSxS\amd64_microsoft.windows.common-controls_6595b64144ccf1df_6.0.22000.120_none_9d947278b86cc467;C:\Program Files\Java\jdk-16.0.1\bin\server;C:\Users\Damian\AppData\Roaming\Code\User\globalStorage\redhat.java\0.81.0\config_win\org.eclipse.equinox.launcher\org.eclipse.equinox.launcher.win32.win32.x86_64_1.2.300.v20210622-1446;C:\Users\Damian\AppData\Roaming\Code\User\globalStorage\redhat.java\0.81.0\config_win\org.eclipse.osgi\22\0\.cp;C:\Program Files\Bonjour

VM Arguments:
jvm_args: --add-modules=ALL-SYSTEM --add-opens=java.base/java.util=ALL-UNNAMED --add-opens=java.base/java.lang=ALL-UNNAMED -Declipse.application=org.eclipse.jdt.ls.core.id1 -Dosgi.bundles.defaultStartLevel=4 -Declipse.product=org.eclipse.jdt.ls.core.product -Dfile.encoding=utf8 -DwatchParentProcess=false -XX:+UseParallelGC -XX:GCTimeRatio=4 -XX:AdaptiveSizePolicyWeight=90 -Dsun.zip.disableMemoryMapping=true -Xmx1G -Xms100m 
java_command: c:\Users\Damian\.vscode\extensions\redhat.java-0.81.0\server\plugins\org.eclipse.equinox.launcher_1.6.200.v20210416-2027.jar -configuration c:\Users\Damian\AppData\Roaming\Code\User\globalStorage\redhat.java\0.81.0\config_win -data c:\Users\Damian\AppData\Roaming\Code\User\workspaceStorage\62b3db866241590d49bf9a39fe4a0db2\redhat.java\jdt_ws
java_class_path (initial): c:\Users\Damian\.vscode\extensions\redhat.java-0.81.0\server\plugins\org.eclipse.equinox.launcher_1.6.200.v20210416-2027.jar
Launcher Type: SUN_STANDARD

[Global flags]
    uintx AdaptiveSizePolicyWeight                 = 90                                        {product} {command line}
     intx CICompilerCount                          = 12                                        {product} {ergonomic}
    uintx GCTimeRatio                              = 4                                         {product} {command line}
   size_t InitialHeapSize                          = 104857600                                 {product} {command line}
   size_t MaxHeapSize                              = 1073741824                                {product} {command line}
   size_t MaxNewSize                               = 357564416                                 {product} {ergonomic}
   size_t MinHeapDeltaBytes                        = 524288                                    {product} {ergonomic}
   size_t MinHeapSize                              = 104857600                                 {product} {command line}
   size_t NewSize                                  = 34603008                                  {product} {ergonomic}
    uintx NonNMethodCodeHeapSize                   = 7602480                                {pd product} {ergonomic}
    uintx NonProfiledCodeHeapSize                  = 122027880                              {pd product} {ergonomic}
   size_t OldSize                                  = 70254592                                  {product} {ergonomic}
    uintx ProfiledCodeHeapSize                     = 122027880                              {pd product} {ergonomic}
    uintx ReservedCodeCacheSize                    = 251658240                              {pd product} {ergonomic}
     bool SegmentedCodeCache                       = true                                      {product} {ergonomic}
   size_t SoftMaxHeapSize                          = 1073741824                             {manageable} {ergonomic}
     bool UseCompressedClassPointers               = true                           {product lp64_product} {ergonomic}
     bool UseCompressedOops                        = true                           {product lp64_product} {ergonomic}
     bool UseLargePagesIndividualAllocation        = false                                  {pd product} {ergonomic}
     bool UseParallelGC                            = true                                      {product} {command line}

Logging:
Log output configuration:
 #0: stdout all=warning uptime,level,tags
 #1: stderr all=off uptime,level,tags

Environment Variables:
PATH=C:\Program Files (x86)\VMware\VMware Player\bin\;C:\WINDOWS\system32;C:\WINDOWS;C:\WINDOWS\System32\Wbem;C:\WINDOWS\System32\WindowsPowerShell\v1.0\;C:\WINDOWS\System32\OpenSSH\;C:\Program Files (x86)\NVIDIA Corporation\PhysX\Common;C:\Program Files\NVIDIA Corporation\NVIDIA NvDLISR;C:\Program Files\Git\cmd;C:\Users\Damian\AppData\Local\Microsoft\WindowsApps;C:\Users\Damian\AppData\Local\Programs\Microsoft VS Code\bin;C:\Users\Damian\AppData\Local\GitHubDesktop\bin
USERNAME=Damian
OS=Windows_NT
PROCESSOR_IDENTIFIER=Intel64 Family 6 Model 167 Stepping 1, GenuineIntel



---------------  S Y S T E M  ---------------

OS:
 Windows 10 , 64 bit Build 22000 (10.0.22000.120)
OS uptime: 0 days 9:33 hours

CPU: total 16 (initial active 16) (8 cores per cpu, 2 threads per core) family 6 model 167 stepping 1 microcode 0x3c, cx8, cmov, fxsr, ht, mmx, 3dnowpref, sse, sse2, sse3, ssse3, sse4.1, sse4.2, popcnt, lzcnt, tsc, tscinvbit, avx, avx2, aes, erms, clmul, bmi1, bmi2, adx, avx512f, avx512dq, avx512cd, avx512bw, avx512vl, sha, fma, vzeroupper, avx512_vpopcntdq, avx512_vpclmulqdq, avx512_vaes, avx512_vnni, clflush, clflushopt, avx512_vmbi2, avx512_vmbi

Memory: 4k page, system-wide physical 32596M (22107M free)
TotalPageFile size 37460M (AvailPageFile size 21271M)
current process WorkingSet (physical memory assigned to process): 504M, peak: 522M
current process commit charge ("private bytes"): 549M, peak: 549M

vm_info: Java HotSpot(TM) 64-Bit Server VM (16.0.1+9-24) for windows-amd64 JRE (16.0.1+9-24), built on Mar 26 2021 19:31:42 by "mach5one" with MS VC++ 16.7 (VS2019)

END.
